Using pre-set license
Built from '2021.3/staging' branch; Version is '2021.3.25f1 (68ef2c4f8861) revision 6876972'; Using compiler version '192829333'; Build Type 'Release'
OS: 'Windows 11  (10.0.22621) 64bit Professional' Language: 'ru' Physical Memory: 16109 MB
BatchMode: 1, IsHumanControllingUs: 0, StartBugReporterOnCrash: 0, Is64bit: 1, IsPro: 1

COMMAND LINE ARGUMENTS:
C:\Program Files\Unity\Hub\Editor\2021.3.25f1\Editor\Unity.exe
-adb2
-batchMode
-noUpm
-name
AssetImportWorker2
-projectPath
D:/Unity/Personal/DeliveryCity
-logFile
Logs/AssetImportWorker2.log
-srvPort
62846
Successfully changed project path to: D:/Unity/Personal/DeliveryCity
D:/Unity/Personal/DeliveryCity
[UnityMemory] Configuration Parameters - Can be set up in boot.config
    "memorysetup-bucket-allocator-granularity=16"
    "memorysetup-bucket-allocator-bucket-count=8"
    "memorysetup-bucket-allocator-block-size=33554432"
    "memorysetup-bucket-allocator-block-count=8"
    "memorysetup-main-allocator-block-size=16777216"
    "memorysetup-thread-allocator-block-size=16777216"
    "memorysetup-gfx-main-allocator-block-size=16777216"
    "memorysetup-gfx-thread-allocator-block-size=16777216"
    "memorysetup-cache-allocator-block-size=4194304"
    "memorysetup-typetree-allocator-block-size=2097152"
    "memorysetup-profiler-bucket-allocator-granularity=16"
    "memorysetup-profiler-bucket-allocator-bucket-count=8"
    "memorysetup-profiler-bucket-allocator-block-size=33554432"
    "memorysetup-profiler-bucket-allocator-block-count=8"
    "memorysetup-profiler-allocator-block-size=16777216"
    "memorysetup-profiler-editor-allocator-block-size=1048576"
    "memorysetup-temp-allocator-size-main=16777216"
    "memorysetup-job-temp-allocator-block-size=2097152"
    "memorysetup-job-temp-allocator-block-size-background=1048576"
    "memorysetup-job-temp-allocator-reduction-small-platforms=262144"
    "memorysetup-temp-allocator-size-background-worker=32768"
    "memorysetup-temp-allocator-size-job-worker=262144"
    "memorysetup-temp-allocator-size-preload-manager=33554432"
    "memorysetup-temp-allocator-size-nav-mesh-worker=65536"
    "memorysetup-temp-allocator-size-audio-worker=65536"
    "memorysetup-temp-allocator-size-cloud-worker=32768"
    "memorysetup-temp-allocator-size-gi-baking-worker=262144"
    "memorysetup-temp-allocator-size-gfx=262144"
Player connection [7456] Host "[IP] 192.168.0.167 [Port] 0 [Flags] 2 [Guid] 2179125049 [EditorId] 2179125049 [Version] 1048832 [Id] WindowsEditor(7,DESKTOP-KLONA1D) [Debug] 1 [PackageName] WindowsEditor [ProjectName] Editor" joined multi-casting on [225.0.0.222:54997]...

Player connection [7456] Host "[IP] 192.168.0.167 [Port] 0 [Flags] 2 [Guid] 2179125049 [EditorId] 2179125049 [Version] 1048832 [Id] WindowsEditor(7,DESKTOP-KLONA1D) [Debug] 1 [PackageName] WindowsEditor [ProjectName] Editor" joined alternative multi-casting on [225.0.0.222:34997]...

Refreshing native plugins compatible for Editor in 83.76 ms, found 3 plugins.
Preloading 0 native plugins for Editor in 0.00 ms.
Initialize engine version: 2021.3.25f1 (68ef2c4f8861)
[Subsystems] Discovering subsystems at path C:/Program Files/Unity/Hub/Editor/2021.3.25f1/Editor/Data/Resources/UnitySubsystems
[Subsystems] Discovering subsystems at path D:/Unity/Personal/DeliveryCity/Assets
GfxDevice: creating device client; threaded=0; jobified=0
Direct3D:
    Version:  Direct3D 11.0 [level 11.1]
    Renderer: NVIDIA GeForce RTX 3060 Laptop GPU (ID=0x2520)
    Vendor:   NVIDIA
    VRAM:     6009 MB
    Driver:   31.0.15.3168
Initialize mono
Mono path[0] = 'C:/Program Files/Unity/Hub/Editor/2021.3.25f1/Editor/Data/Managed'
Mono path[1] = 'C:/Program Files/Unity/Hub/Editor/2021.3.25f1/Editor/Data/MonoBleedingEdge/lib/mono/unityjit-win32'
Mono config path = 'C:/Program Files/Unity/Hub/Editor/2021.3.25f1/Editor/Data/MonoBleedingEdge/etc'
Using monoOptions --debugger-agent=transport=dt_socket,embedding=1,server=y,suspend=n,address=127.0.0.1:56116
Begin MonoManager ReloadAssembly
Registering precompiled unity dll's ...
Register platform support module: C:/Program Files/Unity/Hub/Editor/2021.3.25f1/Editor/Data/PlaybackEngines/WebGLSupport/UnityEditor.WebGL.Extensions.dll
Register platform support module: C:/Program Files/Unity/Hub/Editor/2021.3.25f1/Editor/Data/PlaybackEngines/WindowsStandaloneSupport/UnityEditor.WindowsStandalone.Extensions.dll
Registered in 0.004628 seconds.
Native extension for WindowsStandalone target not found
Native extension for WebGL target not found
Refreshing native plugins compatible for Editor in 78.31 ms, found 3 plugins.
Preloading 0 native plugins for Editor in 0.00 ms.
Mono: successfully reloaded assembly
- Completed reload, in  0.630 seconds
Domain Reload Profiling:
	ReloadAssembly (631ms)
		BeginReloadAssembly (102ms)
			ExecutionOrderSort (0ms)
			DisableScriptedObjects (0ms)
			BackupInstance (0ms)
			ReleaseScriptingObjects (0ms)
			CreateAndSetChildDomain (1ms)
		EndReloadAssembly (429ms)
			LoadAssemblies (101ms)
			RebuildTransferFunctionScriptingTraits (0ms)
			SetupTypeCache (112ms)
			ReleaseScriptCaches (0ms)
			RebuildScriptCaches (26ms)
			SetupLoadedEditorAssemblies (243ms)
				LogAssemblyErrors (0ms)
				InitializePlatformSupportModulesInManaged (7ms)
				SetLoadedEditorAssemblies (0ms)
				RefreshPlugins (78ms)
				BeforeProcessingInitializeOnLoad (1ms)
				ProcessInitializeOnLoadAttributes (120ms)
				ProcessInitializeOnLoadMethodAttributes (36ms)
				AfterProcessingInitializeOnLoad (0ms)
				EditorAssembliesLoaded (0ms)
			ExecutionOrderSort2 (0ms)
			AwakeInstancesAfterBackupRestoration (0ms)
Platform modules already initialized, skipping
Registering precompiled user dll's ...
Registered in 0.002503 seconds.
Begin MonoManager ReloadAssembly
Symbol file LoadedFromMemory doesn't match image D:\Unity\Personal\DeliveryCity\Library\PackageCache\com.unity.visualscripting@1.8.0\Editor\VisualScripting.Core\Dependencies\YamlDotNet\Unity.VisualScripting.YamlDotNet.dll
Symbol file LoadedFromMemory doesn't match image D:\Unity\Personal\DeliveryCity\Library\PackageCache\com.unity.visualscripting@1.8.0\Editor\VisualScripting.Core\Dependencies\DotNetZip\Unity.VisualScripting.IonicZip.dll
Native extension for WindowsStandalone target not found
Native extension for WebGL target not found
Refreshing native plugins compatible for Editor in 79.93 ms, found 3 plugins.
Preloading 0 native plugins for Editor in 0.00 ms.
Mono: successfully reloaded assembly
- Completed reload, in  1.204 seconds
Domain Reload Profiling:
	ReloadAssembly (1205ms)
		BeginReloadAssembly (104ms)
			ExecutionOrderSort (0ms)
			DisableScriptedObjects (4ms)
			BackupInstance (0ms)
			ReleaseScriptingObjects (0ms)
			CreateAndSetChildDomain (15ms)
		EndReloadAssembly (1012ms)
			LoadAssemblies (82ms)
			RebuildTransferFunctionScriptingTraits (0ms)
			SetupTypeCache (396ms)
			ReleaseScriptCaches (0ms)
			RebuildScriptCaches (52ms)
			SetupLoadedEditorAssemblies (451ms)
				LogAssemblyErrors (0ms)
				InitializePlatformSupportModulesInManaged (4ms)
				SetLoadedEditorAssemblies (0ms)
				RefreshPlugins (80ms)
				BeforeProcessingInitializeOnLoad (79ms)
				ProcessInitializeOnLoadAttributes (218ms)
				ProcessInitializeOnLoadMethodAttributes (65ms)
				AfterProcessingInitializeOnLoad (4ms)
				EditorAssembliesLoaded (0ms)
			ExecutionOrderSort2 (0ms)
			AwakeInstancesAfterBackupRestoration (6ms)
Platform modules already initialized, skipping
========================================================================
Worker process is ready to serve import requests
Launched and connected shader compiler UnityShaderCompiler.exe after 0.04 seconds
Refreshing native plugins compatible for Editor in 1.01 ms, found 3 plugins.
Preloading 0 native plugins for Editor in 0.00 ms.
Unloading 5008 Unused Serialized files (Serialized files now loaded: 0)
Unloading 47 unused Assets / (0.8 MB). Loaded Objects now: 5458.
Memory consumption went from 200.7 MB to 199.9 MB.
Total: 4.057300 ms (FindLiveObjects: 0.443500 ms CreateObjectMapping: 0.329500 ms MarkObjects: 2.881500 ms  DeleteObjects: 0.401400 ms)

AssetImportParameters requested are different than current active one (requested -> active):
  custom:video-decoder-ogg-theora: a1e56fd34408186e4bbccfd4996cb3dc -> 
  custom:container-muxer-webm: aa71ff27fc2769a1b78a27578f13a17b -> 
  custom:container-demuxer-webm: 4f35f7cbe854078d1ac9338744f61a02 -> 
  custom:video-encoder-webm-vp8: eb34c28f22e8b96e1ab97ce403110664 -> 
  custom:video-codec-MediaFoundation-h265: 746d11721c4dcdbdad8f713fa42b33f4 -> 
  custom:audio-encoder-webm-vorbis: bf7c407c2cedff20999df2af8eb42d56 -> 
  custom:framework-win-MediaFoundation: 216162199b28c13a410421893ffa2e32 -> 
  custom:container-demuxer-ogg: 62fdf1f143b41e24485cea50d1cbac27 -> 
  custom:video-decoder-webm-vp8: 9c59270c3fd7afecdb556c50c9e8de78 -> 
  custom:audio-decoder-ogg-vorbis: bf7c407c2cedff20999df2af8eb42d56 -> 
========================================================================
Received Import Request.
  Time since last request: 1919680.681450 seconds.
  path: Assets/Models/Ultimate Textured Building Pack - Dec 2019/Preview.png
  artifactKey: Guid(869981bb8f1948c40a63aed4c0d08d29) Importer(2089858483,0ecaa5967403d082aa24f35e1b516d23)
Start importing Assets/Models/Ultimate Textured Building Pack - Dec 2019/Preview.png using Guid(869981bb8f1948c40a63aed4c0d08d29) Importer(2089858483,0ecaa5967403d082aa24f35e1b516d23) Generated GUIDs only implemented for interfaces!
 -> (artifact id: '891872d1a42e9ddccc663525e69efed7') in 0.242341 seconds 
========================================================================
Received Import Request.
  Time since last request: 0.000038 seconds.
  path: Assets/Models/Vehicles/NormalCar1.blend
  artifactKey: Guid(8418a0b2d81b7b64689dcabc9f01b1ec) Importer(2089858483,0ecaa5967403d082aa24f35e1b516d23)
Start importing Assets/Models/Vehicles/NormalCar1.blend using Guid(8418a0b2d81b7b64689dcabc9f01b1ec) Importer(2089858483,0ecaa5967403d082aa24f35e1b516d23) Generated GUIDs only implemented for interfaces!
 -> (artifact id: '6f11a29aca2218d5799e0401ad52cce1') in 0.077194 seconds 
========================================================================
Received Import Request.
  Time since last request: 0.000046 seconds.
  path: Assets/Settings/Very Low_PipelineAsset.asset
  artifactKey: Guid(ffb995c0841464b4c93a1eee8d20ada7) Importer(2089858483,0ecaa5967403d082aa24f35e1b516d23)
Start importing Assets/Settings/Very Low_PipelineAsset.asset using Guid(ffb995c0841464b4c93a1eee8d20ada7) Importer(2089858483,0ecaa5967403d082aa24f35e1b516d23) Generated GUIDs only implemented for interfaces!
 -> (artifact id: 'f8558c22ac98d6fddfb3400b4d7334a0') in 0.071592 seconds 
========================================================================
Received Import Request.
  Time since last request: 0.000034 seconds.
  path: Assets/Prefabs/Road/Buildings/Central_Tile.prefab
  artifactKey: Guid(49b067268daaa9a45b1b97ec312c76ca) Importer(2089858483,0ecaa5967403d082aa24f35e1b516d23)
Start importing Assets/Prefabs/Road/Buildings/Central_Tile.prefab using Guid(49b067268daaa9a45b1b97ec312c76ca) Importer(2089858483,0ecaa5967403d082aa24f35e1b516d23) Generated GUIDs only implemented for interfaces!
 -> (artifact id: '79e4be9d8f40e3d86d94cbc359662103') in 0.020590 seconds 
========================================================================
Received Import Request.
  Time since last request: 0.000021 seconds.
  path: Assets/Models/Road/Street_4Way_2.blend
  artifactKey: Guid(9d42cb3d30482284ebc9f23bfc803af0) Importer(2089858483,0ecaa5967403d082aa24f35e1b516d23)
Start importing Assets/Models/Road/Street_4Way_2.blend using Guid(9d42cb3d30482284ebc9f23bfc803af0) Importer(2089858483,0ecaa5967403d082aa24f35e1b516d23) Generated GUIDs only implemented for interfaces!
 -> (artifact id: '8a7904e364cde29ed3e033da19330528') in 0.040758 seconds 
========================================================================
Received Import Request.
  Time since last request: 0.000022 seconds.
  path: Assets/Models/Palmov Island/Low Poly Environment Park/Models/Grass/grass 1.fbx
  artifactKey: Guid(05cee6315ff403c47b560042975f1dc7) Importer(2089858483,0ecaa5967403d082aa24f35e1b516d23)
Start importing Assets/Models/Palmov Island/Low Poly Environment Park/Models/Grass/grass 1.fbx using Guid(05cee6315ff403c47b560042975f1dc7) Importer(2089858483,0ecaa5967403d082aa24f35e1b516d23) Generated GUIDs only implemented for interfaces!
 -> (artifact id: '609da007cd1b443100f5595022abc4e9') in 0.022848 seconds 
========================================================================
Received Import Request.
  Time since last request: 0.000023 seconds.
  path: Assets/Models/Palmov Island/Low Poly Environment Park/Models/Park grounds/ground park 3.fbx
  artifactKey: Guid(d2a60a76befad44449f29737a21acbe0) Importer(2089858483,0ecaa5967403d082aa24f35e1b516d23)
Start importing Assets/Models/Palmov Island/Low Poly Environment Park/Models/Park grounds/ground park 3.fbx using Guid(d2a60a76befad44449f29737a21acbe0) Importer(2089858483,0ecaa5967403d082aa24f35e1b516d23) Generated GUIDs only implemented for interfaces!
 -> (artifact id: '8c44b118e662dbf00dfbbb0883d33a6e') in 0.019489 seconds 
========================================================================
Received Import Request.
  Time since last request: 0.000051 seconds.
  path: Assets/Models/Buildings/Textures/HouseTexture1.png
  artifactKey: Guid(3e31fe7a4377b9743b76f1a5e992c3dd) Importer(2089858483,0ecaa5967403d082aa24f35e1b516d23)
Start importing Assets/Models/Buildings/Textures/HouseTexture1.png using Guid(3e31fe7a4377b9743b76f1a5e992c3dd) Importer(2089858483,0ecaa5967403d082aa24f35e1b516d23) Generated GUIDs only implemented for interfaces!
 -> (artifact id: 'ea37b1033419ac3d26ea678168a32d39') in 0.018937 seconds 
========================================================================
Received Import Request.
  Time since last request: 0.000032 seconds.
  path: Assets/Models/Palmov Island/Low Poly Environment Park/Models/Environment/bridge.fbx
  artifactKey: Guid(02a2f7ba4ef86f44fb59e378f566e68f) Importer(2089858483,0ecaa5967403d082aa24f35e1b516d23)
Start importing Assets/Models/Palmov Island/Low Poly Environment Park/Models/Environment/bridge.fbx using Guid(02a2f7ba4ef86f44fb59e378f566e68f) Importer(2089858483,0ecaa5967403d082aa24f35e1b516d23) Generated GUIDs only implemented for interfaces!
 -> (artifact id: '7132dea957a59c71c1926458b0edb34e') in 0.023085 seconds 
========================================================================
Received Import Request.
  Time since last request: 0.000044 seconds.
  path: Assets/Models/Palmov Island/Low Poly Environment Park/Models/Trees/japanese deciduous tree.fbx
  artifactKey: Guid(98b6f40612be1ed428692ea226916db8) Importer(2089858483,0ecaa5967403d082aa24f35e1b516d23)
Start importing Assets/Models/Palmov Island/Low Poly Environment Park/Models/Trees/japanese deciduous tree.fbx using Guid(98b6f40612be1ed428692ea226916db8) Importer(2089858483,0ecaa5967403d082aa24f35e1b516d23) Generated GUIDs only implemented for interfaces!
 -> (artifact id: 'bc311050dc1c0ef7839226c50186656c') in 0.026322 seconds 
========================================================================
Received Import Request.
  Time since last request: 0.000023 seconds.
  path: Assets/Models/Palmov Island/Low Poly Environment Park/Models/Trees/tree oak.fbx
  artifactKey: Guid(b35ec297e0aa7ef498cb060427a62e12) Importer(2089858483,0ecaa5967403d082aa24f35e1b516d23)
Start importing Assets/Models/Palmov Island/Low Poly Environment Park/Models/Trees/tree oak.fbx using Guid(b35ec297e0aa7ef498cb060427a62e12) Importer(2089858483,0ecaa5967403d082aa24f35e1b516d23) Generated GUIDs only implemented for interfaces!
 -> (artifact id: 'd45a336c6dd95a8ef3a61472f0c9ed53') in 0.022756 seconds 
========================================================================
Received Import Request.
  Time since last request: 0.000023 seconds.
  path: Assets/Models/Palmov Island/Low Poly Environment Park/Models/Stones/stone 4.fbx
  artifactKey: Guid(f60eff158ba294b488ac5001df5115d3) Importer(2089858483,0ecaa5967403d082aa24f35e1b516d23)
Start importing Assets/Models/Palmov Island/Low Poly Environment Park/Models/Stones/stone 4.fbx using Guid(f60eff158ba294b488ac5001df5115d3) Importer(2089858483,0ecaa5967403d082aa24f35e1b516d23) Generated GUIDs only implemented for interfaces!
 -> (artifact id: 'b4759b65284f49157615ee5bbce04c55') in 0.025636 seconds 
========================================================================
Received Import Request.
  Time since last request: 0.000025 seconds.
  path: Assets/Scenes/SampleScene.unity
  artifactKey: Guid(9fc0d4010bbf28b4594072e72b8655ab) Importer(2089858483,0ecaa5967403d082aa24f35e1b516d23)
Start importing Assets/Scenes/SampleScene.unity using Guid(9fc0d4010bbf28b4594072e72b8655ab) Importer(2089858483,0ecaa5967403d082aa24f35e1b516d23) Generated GUIDs only implemented for interfaces!
 -> (artifact id: '8aabca76e3fa461fa729656b4346a156') in 0.016381 seconds 
========================================================================
Received Import Request.
  Time since last request: 0.000024 seconds.
  path: Assets/Models/Buildings/Textures/Materials/Texture_Blue.mat
  artifactKey: Guid(71e6c86606286e44db1adf4678600314) Importer(2089858483,0ecaa5967403d082aa24f35e1b516d23)
Start importing Assets/Models/Buildings/Textures/Materials/Texture_Blue.mat using Guid(71e6c86606286e44db1adf4678600314) Importer(2089858483,0ecaa5967403d082aa24f35e1b516d23) Generated GUIDs only implemented for interfaces!
 -> (artifact id: 'a7ccf407a04409986c4008ba330f9183') in 0.020545 seconds 
========================================================================
Received Import Request.
  Time since last request: 0.000022 seconds.
  path: Assets/Settings/Very Low_PipelineAsset_ForwardRenderer.asset
  artifactKey: Guid(4249db83300d4524d88c76bf8180e71e) Importer(2089858483,0ecaa5967403d082aa24f35e1b516d23)
Start importing Assets/Settings/Very Low_PipelineAsset_ForwardRenderer.asset using Guid(4249db83300d4524d88c76bf8180e71e) Importer(2089858483,0ecaa5967403d082aa24f35e1b516d23) Generated GUIDs only implemented for interfaces!
 -> (artifact id: '70aa5fd0b9b041c00396b9c14ce28794') in 0.027701 seconds 
========================================================================
Received Import Request.
  Time since last request: 0.000023 seconds.
  path: Assets/Prefabs/Road/Empty/Street_4Way.prefab
  artifactKey: Guid(30899b76f0db27b4492ac2e0d4ca6d2b) Importer(2089858483,0ecaa5967403d082aa24f35e1b516d23)
Start importing Assets/Prefabs/Road/Empty/Street_4Way.prefab using Guid(30899b76f0db27b4492ac2e0d4ca6d2b) Importer(2089858483,0ecaa5967403d082aa24f35e1b516d23) Generated GUIDs only implemented for interfaces!
 -> (artifact id: '908b1c444f9ae6cede079c92d891a2a3') in 0.017081 seconds 
========================================================================
Received Import Request.
  Time since last request: 0.000036 seconds.
  path: Assets/Prefabs/Road/Buildings/Street_3Way_1.prefab
  artifactKey: Guid(e770d39f287f8c74283586022189b648) Importer(2089858483,0ecaa5967403d082aa24f35e1b516d23)
Start importing Assets/Prefabs/Road/Buildings/Street_3Way_1.prefab using Guid(e770d39f287f8c74283586022189b648) Importer(2089858483,0ecaa5967403d082aa24f35e1b516d23) Generated GUIDs only implemented for interfaces!
 -> (artifact id: '578ec3a252903a3d8dc74054e60e3747') in 0.023821 seconds 
========================================================================
Received Import Request.
  Time since last request: 0.000025 seconds.
  path: Assets/Models/Palmov Island/Low Poly Environment Park/Models/Trees/little palm tree.fbx
  artifactKey: Guid(86db5449b5aadf445ab8ed5f90f14410) Importer(2089858483,0ecaa5967403d082aa24f35e1b516d23)
Start importing Assets/Models/Palmov Island/Low Poly Environment Park/Models/Trees/little palm tree.fbx using Guid(86db5449b5aadf445ab8ed5f90f14410) Importer(2089858483,0ecaa5967403d082aa24f35e1b516d23) Generated GUIDs only implemented for interfaces!
 -> (artifact id: '8b89c4efdd73f2cd301131733ff140ba') in 0.020493 seconds 
========================================================================
Received Import Request.
  Time since last request: 0.000034 seconds.
  path: Assets/Settings/Ultra_PipelineAsset_ForwardRenderer.asset
  artifactKey: Guid(8015e6f6470a4f045971c0f4047e9337) Importer(2089858483,0ecaa5967403d082aa24f35e1b516d23)
Start importing Assets/Settings/Ultra_PipelineAsset_ForwardRenderer.asset using Guid(8015e6f6470a4f045971c0f4047e9337) Importer(2089858483,0ecaa5967403d082aa24f35e1b516d23) Generated GUIDs only implemented for interfaces!
 -> (artifact id: '11fd372fbcc0af60f3913f6b9978a8a8') in 0.023558 seconds 
========================================================================
Received Import Request.
  Time since last request: 0.000024 seconds.
  path: Assets/Settings/High_PipelineAsset_ForwardRenderer.asset
  artifactKey: Guid(1eaad0eede9d15a4f92625d933689fee) Importer(2089858483,0ecaa5967403d082aa24f35e1b516d23)
Start importing Assets/Settings/High_PipelineAsset_ForwardRenderer.asset using Guid(1eaad0eede9d15a4f92625d933689fee) Importer(2089858483,0ecaa5967403d082aa24f35e1b516d23) Generated GUIDs only implemented for interfaces!
 -> (artifact id: '9de9a48950bb59ba1d64045eae493f26') in 0.024069 seconds 
========================================================================
Received Import Request.
  Time since last request: 0.000033 seconds.
  path: Assets/Models/Buildings/Textures/HouseTexture3.png
  artifactKey: Guid(3701e52048d4ead4d90499f660cb9660) Importer(2089858483,0ecaa5967403d082aa24f35e1b516d23)
Start importing Assets/Models/Buildings/Textures/HouseTexture3.png using Guid(3701e52048d4ead4d90499f660cb9660) Importer(2089858483,0ecaa5967403d082aa24f35e1b516d23) Generated GUIDs only implemented for interfaces!
 -> (artifact id: '0bf6935e14fd73e1450b936fa061667f') in 0.022450 seconds 
========================================================================
Received Import Request.
  Time since last request: 0.000027 seconds.
  path: Assets/UniversalRenderPipelineGlobalSettings.asset
  artifactKey: Guid(0ef98d27723de5e4bb946e24441b5cea) Importer(2089858483,0ecaa5967403d082aa24f35e1b516d23)
Start importing Assets/UniversalRenderPipelineGlobalSettings.asset using Guid(0ef98d27723de5e4bb946e24441b5cea) Importer(2089858483,0ecaa5967403d082aa24f35e1b516d23) Generated GUIDs only implemented for interfaces!
 -> (artifact id: 'ab2a5336c96296cf87dec8cefd539f6e') in 0.016204 seconds 
========================================================================
Received Import Request.
  Time since last request: 0.000025 seconds.
  path: Assets/Models/Palmov Island/Low Poly Environment Park/Models/Trees/elongated tree.fbx
  artifactKey: Guid(d7e00f01457c3394e8da1c9b6d0b9618) Importer(2089858483,0ecaa5967403d082aa24f35e1b516d23)
Start importing Assets/Models/Palmov Island/Low Poly Environment Park/Models/Trees/elongated tree.fbx using Guid(d7e00f01457c3394e8da1c9b6d0b9618) Importer(2089858483,0ecaa5967403d082aa24f35e1b516d23) Generated GUIDs only implemented for interfaces!
 -> (artifact id: '99ee301e75c58b7ba74f4f14c099e89b') in 0.026252 seconds 
========================================================================
Received Import Request.
  Time since last request: 0.000027 seconds.
  path: Assets/URP/URP Basic_Renderer.asset
  artifactKey: Guid(f8e80b59767cb0046a8841bd11c3e7ac) Importer(2089858483,0ecaa5967403d082aa24f35e1b516d23)
Start importing Assets/URP/URP Basic_Renderer.asset using Guid(f8e80b59767cb0046a8841bd11c3e7ac) Importer(2089858483,0ecaa5967403d082aa24f35e1b516d23) Generated GUIDs only implemented for interfaces!
 -> (artifact id: '8346013cb33bc6a070744b7657db302f') in 0.035084 seconds 
========================================================================
Received Import Request.
  Time since last request: 0.000027 seconds.
  path: Assets/Models/Buildings/2Story_Base.blend
  artifactKey: Guid(ea00d69bf02643d4cbab9e07022f1c59) Importer(2089858483,0ecaa5967403d082aa24f35e1b516d23)
Start importing Assets/Models/Buildings/2Story_Base.blend using Guid(ea00d69bf02643d4cbab9e07022f1c59) Importer(2089858483,0ecaa5967403d082aa24f35e1b516d23) Generated GUIDs only implemented for interfaces!
 -> (artifact id: 'f8324af5f6d321d749bce17ec2c7ffdd') in 0.026350 seconds 
========================================================================
Received Import Request.
  Time since last request: 0.000025 seconds.
  path: Assets/Models/Palmov Island/Low Poly Environment Park/Models/Environment/wooden table.fbx
  artifactKey: Guid(e4925266f9982a1429fe6760c4524c60) Importer(2089858483,0ecaa5967403d082aa24f35e1b516d23)
Start importing Assets/Models/Palmov Island/Low Poly Environment Park/Models/Environment/wooden table.fbx using Guid(e4925266f9982a1429fe6760c4524c60) Importer(2089858483,0ecaa5967403d082aa24f35e1b516d23) Generated GUIDs only implemented for interfaces!
 -> (artifact id: 'dded18c8784f7298c6e01c9411aa6e93') in 0.021575 seconds 
========================================================================
Received Import Request.
  Time since last request: 0.000060 seconds.
  path: Assets/Models/Buildings/Textures/Materials/HouseTexture1.mat
  artifactKey: Guid(ad048be02ffe29646a6a05653c509f3a) Importer(2089858483,0ecaa5967403d082aa24f35e1b516d23)
Start importing Assets/Models/Buildings/Textures/Materials/HouseTexture1.mat using Guid(ad048be02ffe29646a6a05653c509f3a) Importer(2089858483,0ecaa5967403d082aa24f35e1b516d23) Generated GUIDs only implemented for interfaces!
 -> (artifact id: '45fb3f1ae1019b1027b76ce33bd7ae5c') in 0.016045 seconds 
========================================================================
Received Import Request.
  Time since last request: 0.000023 seconds.
  path: Assets/Models/Palmov Island/Low Poly Environment Park/Models/Stones/stone 3.fbx
  artifactKey: Guid(9e9b1fae7ec11ad418831097603aae65) Importer(2089858483,0ecaa5967403d082aa24f35e1b516d23)
Start importing Assets/Models/Palmov Island/Low Poly Environment Park/Models/Stones/stone 3.fbx using Guid(9e9b1fae7ec11ad418831097603aae65) Importer(2089858483,0ecaa5967403d082aa24f35e1b516d23) Generated GUIDs only implemented for interfaces!
 -> (artifact id: '1d552e62d51046227000afa60a887cb3') in 0.019781 seconds 
========================================================================
Received Import Request.
  Time since last request: 0.000024 seconds.
  path: Assets/Models/Palmov Island/Low Poly Environment Park/Prefabs/Environment/picnic bag.prefab
  artifactKey: Guid(602bc4d45f6a07949b3f169c884ec23a) Importer(2089858483,0ecaa5967403d082aa24f35e1b516d23)
Start importing Assets/Models/Palmov Island/Low Poly Environment Park/Prefabs/Environment/picnic bag.prefab using Guid(602bc4d45f6a07949b3f169c884ec23a) Importer(2089858483,0ecaa5967403d082aa24f35e1b516d23) Generated GUIDs only implemented for interfaces!
 -> (artifact id: '3f3607a7cd4fcb2b46a04fe9d4c4697a') in 0.018276 seconds 
========================================================================
Received Import Request.
  Time since last request: 0.000044 seconds.
  path: Assets/Models/Palmov Island/Low Poly Environment Park/Prefabs/Environment/fountain 1.prefab
  artifactKey: Guid(938a37fc0e3a5974b8a96388176b1672) Importer(2089858483,0ecaa5967403d082aa24f35e1b516d23)
Start importing Assets/Models/Palmov Island/Low Poly Environment Park/Prefabs/Environment/fountain 1.prefab using Guid(938a37fc0e3a5974b8a96388176b1672) Importer(2089858483,0ecaa5967403d082aa24f35e1b516d23) Generated GUIDs only implemented for interfaces!
 -> (artifact id: '4bb7b90461569920f81143b9fd97fc2f') in 0.015886 seconds 
========================================================================
Received Import Request.
  Time since last request: 0.000026 seconds.
  path: Assets/Models/Palmov Island/Low Poly Environment Park/Prefabs/Environment/bridge.prefab
  artifactKey: Guid(033fb5a72ae76a54f8e6e29275edd84b) Importer(2089858483,0ecaa5967403d082aa24f35e1b516d23)
Start importing Assets/Models/Palmov Island/Low Poly Environment Park/Prefabs/Environment/bridge.prefab using Guid(033fb5a72ae76a54f8e6e29275edd84b) Importer(2089858483,0ecaa5967403d082aa24f35e1b516d23) Generated GUIDs only implemented for interfaces!
 -> (artifact id: '89ea312c8747fdc0fda09839ef991d58') in 0.025348 seconds 
========================================================================
Received Import Request.
  Time since last request: 0.000031 seconds.
  path: Assets/Models/Palmov Island/Low Poly Environment Park/Prefabs/Stones/stone 4.prefab
  artifactKey: Guid(9c8a0db7064c30641af7bab34d4467e2) Importer(2089858483,0ecaa5967403d082aa24f35e1b516d23)
Start importing Assets/Models/Palmov Island/Low Poly Environment Park/Prefabs/Stones/stone 4.prefab using Guid(9c8a0db7064c30641af7bab34d4467e2) Importer(2089858483,0ecaa5967403d082aa24f35e1b516d23) Generated GUIDs only implemented for interfaces!
 -> (artifact id: 'c78e85a4c7097001202a23a063722259') in 0.021451 seconds 
========================================================================
Received Import Request.
  Time since last request: 0.000026 seconds.
  path: Assets/Models/Palmov Island/Low Poly Environment Park/Prefabs/Stones/stone 2.prefab
  artifactKey: Guid(916cd135a71750a4483f84f736ebe36d) Importer(2089858483,0ecaa5967403d082aa24f35e1b516d23)
Start importing Assets/Models/Palmov Island/Low Poly Environment Park/Prefabs/Stones/stone 2.prefab using Guid(916cd135a71750a4483f84f736ebe36d) Importer(2089858483,0ecaa5967403d082aa24f35e1b516d23) Generated GUIDs only implemented for interfaces!
 -> (artifact id: '06da9ce2fea43a269d44a97a2083c39c') in 0.013695 seconds 
========================================================================
Received Import Request.
  Time since last request: 0.000026 seconds.
  path: Assets/Models/Palmov Island/Low Poly Environment Park/Prefabs/Park grounds/ground park 5.prefab
  artifactKey: Guid(95bfbd01be0392b4580b851a244b9a8d) Importer(2089858483,0ecaa5967403d082aa24f35e1b516d23)
Start importing Assets/Models/Palmov Island/Low Poly Environment Park/Prefabs/Park grounds/ground park 5.prefab using Guid(95bfbd01be0392b4580b851a244b9a8d) Importer(2089858483,0ecaa5967403d082aa24f35e1b516d23) Generated GUIDs only implemented for interfaces!
 -> (artifact id: 'ffc0ca31dbc9005c7884240a10d516b8') in 0.015104 seconds 
========================================================================
Received Import Request.
  Time since last request: 0.000021 seconds.
  path: Assets/Models/Palmov Island/Low Poly Environment Park/Prefabs/Park grounds/ground park 2.prefab
  artifactKey: Guid(dea815d68b0338348b3a11ab1a3a4372) Importer(2089858483,0ecaa5967403d082aa24f35e1b516d23)
Start importing Assets/Models/Palmov Island/Low Poly Environment Park/Prefabs/Park grounds/ground park 2.prefab using Guid(dea815d68b0338348b3a11ab1a3a4372) Importer(2089858483,0ecaa5967403d082aa24f35e1b516d23) Generated GUIDs only implemented for interfaces!
 -> (artifact id: '1973bdf20867da0172559866a42a27a0') in 0.017351 seconds 
========================================================================
Received Import Request.
  Time since last request: 0.000024 seconds.
  path: Assets/Models/Palmov Island/Low Poly Environment Park/Prefabs/Environment/wooden table.prefab
  artifactKey: Guid(ee79087d0378f68499e00c8f9bb31663) Importer(2089858483,0ecaa5967403d082aa24f35e1b516d23)
Start importing Assets/Models/Palmov Island/Low Poly Environment Park/Prefabs/Environment/wooden table.prefab using Guid(ee79087d0378f68499e00c8f9bb31663) Importer(2089858483,0ecaa5967403d082aa24f35e1b516d23) Generated GUIDs only implemented for interfaces!
 -> (artifact id: '3d04b7e26c9f3e8685c5e7133630bb96') in 0.014991 seconds 
========================================================================
Received Import Request.
  Time since last request: 0.000030 seconds.
  path: Assets/Models/Palmov Island/Low Poly Environment Park/Models/Trees/tree without leaves 2.fbx
  artifactKey: Guid(274ec8732a8485f4d8044b79d664ab71) Importer(2089858483,0ecaa5967403d082aa24f35e1b516d23)
Start importing Assets/Models/Palmov Island/Low Poly Environment Park/Models/Trees/tree without leaves 2.fbx using Guid(274ec8732a8485f4d8044b79d664ab71) Importer(2089858483,0ecaa5967403d082aa24f35e1b516d23) Generated GUIDs only implemented for interfaces!
 -> (artifact id: '5565625884015bd90d1ff1b402155f89') in 0.022854 seconds 
========================================================================
Received Import Request.
  Time since last request: 0.000016 seconds.
  path: Assets/Models/Palmov Island/Low Poly Environment Park/Prefabs/Trees/tall palm tree.prefab
  artifactKey: Guid(52c6da928e060a84cac3b34ac2652745) Importer(2089858483,0ecaa5967403d082aa24f35e1b516d23)
Start importing Assets/Models/Palmov Island/Low Poly Environment Park/Prefabs/Trees/tall palm tree.prefab using Guid(52c6da928e060a84cac3b34ac2652745) Importer(2089858483,0ecaa5967403d082aa24f35e1b516d23) Generated GUIDs only implemented for interfaces!
 -> (artifact id: '69295bea3d98c60d49d678d3c7c41183') in 0.009294 seconds 
========================================================================
Received Import Request.
  Time since last request: 0.000024 seconds.
  path: Assets/Models/Palmov Island/Low Poly Houses Free Pack/Models/Environment/bench.fbx
  artifactKey: Guid(649978936a442bc4f89c267054d48b24) Importer(2089858483,0ecaa5967403d082aa24f35e1b516d23)
Start importing Assets/Models/Palmov Island/Low Poly Houses Free Pack/Models/Environment/bench.fbx using Guid(649978936a442bc4f89c267054d48b24) Importer(2089858483,0ecaa5967403d082aa24f35e1b516d23) Generated GUIDs only implemented for interfaces!
 -> (artifact id: 'd251e31f751b8259cdf5099ac9a0e194') in 0.019606 seconds 
========================================================================
Received Import Request.
  Time since last request: 0.000023 seconds.
  path: Assets/Models/Palmov Island/Low Poly Environment Park/Prefabs/Trees/tree orange foliage.prefab
  artifactKey: Guid(7a3134ee04abb294291489477a09cec4) Importer(2089858483,0ecaa5967403d082aa24f35e1b516d23)
Start importing Assets/Models/Palmov Island/Low Poly Environment Park/Prefabs/Trees/tree orange foliage.prefab using Guid(7a3134ee04abb294291489477a09cec4) Importer(2089858483,0ecaa5967403d082aa24f35e1b516d23) Generated GUIDs only implemented for interfaces!
 -> (artifact id: '9ac1d6bfacadc12485606540b090f44c') in 0.016585 seconds 
========================================================================
Received Import Request.
  Time since last request: 0.000024 seconds.
  path: Assets/Models/Buildings/Textures/Materials/Shop.mat
  artifactKey: Guid(23c0ccb9c2394f54aa8f86d3b5b03adf) Importer(2089858483,0ecaa5967403d082aa24f35e1b516d23)
Start importing Assets/Models/Buildings/Textures/Materials/Shop.mat using Guid(23c0ccb9c2394f54aa8f86d3b5b03adf) Importer(2089858483,0ecaa5967403d082aa24f35e1b516d23) Generated GUIDs only implemented for interfaces!
 -> (artifact id: '774c688f2f9f5cf5908f3f7e2f06c2db') in 0.012206 seconds 
========================================================================
Received Import Request.
  Time since last request: 0.000026 seconds.
  path: Assets/Models/Palmov Island/Low Poly Environment Park/Models/Trees/dry palm tree.fbx
  artifactKey: Guid(e23dbeb709038e34ca039c7e04823959) Importer(2089858483,0ecaa5967403d082aa24f35e1b516d23)
Start importing Assets/Models/Palmov Island/Low Poly Environment Park/Models/Trees/dry palm tree.fbx using Guid(e23dbeb709038e34ca039c7e04823959) Importer(2089858483,0ecaa5967403d082aa24f35e1b516d23) Generated GUIDs only implemented for interfaces!
 -> (artifact id: '4cc4fdb0331964fdf6d02b92f95c6b9b') in 0.018727 seconds 
========================================================================
Received Import Request.
  Time since last request: 0.000022 seconds.
  path: Assets/Models/Palmov Island/Low Poly Environment Park/Prefabs/Environment/fountain 2.prefab
  artifactKey: Guid(9e5ad74bd85cfa443914368f33bc9206) Importer(2089858483,0ecaa5967403d082aa24f35e1b516d23)
Start importing Assets/Models/Palmov Island/Low Poly Environment Park/Prefabs/Environment/fountain 2.prefab using Guid(9e5ad74bd85cfa443914368f33bc9206) Importer(2089858483,0ecaa5967403d082aa24f35e1b516d23) Generated GUIDs only implemented for interfaces!
 -> (artifact id: 'bad9823c5898daec055e98c0ee1cfb82') in 0.018372 seconds 
========================================================================
Received Import Request.
  Time since last request: 0.000021 seconds.
  path: Assets/Models/Palmov Island/Low Poly Environment Park/Models/Environment/fountain 1.fbx
  artifactKey: Guid(18a639837c060634f83ee644df193c22) Importer(2089858483,0ecaa5967403d082aa24f35e1b516d23)
Start importing Assets/Models/Palmov Island/Low Poly Environment Park/Models/Environment/fountain 1.fbx using Guid(18a639837c060634f83ee644df193c22) Importer(2089858483,0ecaa5967403d082aa24f35e1b516d23) Generated GUIDs only implemented for interfaces!
 -> (artifact id: 'f85b3343b6fbcfb635e21fdcf4684dbd') in 0.022001 seconds 
========================================================================
Received Import Request.
  Time since last request: 0.000019 seconds.
  path: Assets/Models/Palmov Island/Low Poly Environment Park/Prefabs/Grass/grass 2.prefab
  artifactKey: Guid(d08851aeacbadfa42a2b661f2170de25) Importer(2089858483,0ecaa5967403d082aa24f35e1b516d23)
Start importing Assets/Models/Palmov Island/Low Poly Environment Park/Prefabs/Grass/grass 2.prefab using Guid(d08851aeacbadfa42a2b661f2170de25) Importer(2089858483,0ecaa5967403d082aa24f35e1b516d23) Generated GUIDs only implemented for interfaces!
 -> (artifact id: 'fbe630a56250076ff0171267351e43a4') in 0.015567 seconds 
========================================================================
Received Import Request.
  Time since last request: 0.000021 seconds.
  path: Assets/Models/Palmov Island/Low Poly Environment Park/Models/Grass/grass 4.fbx
  artifactKey: Guid(97af63e2ae091c54db92acda3678e833) Importer(2089858483,0ecaa5967403d082aa24f35e1b516d23)
Start importing Assets/Models/Palmov Island/Low Poly Environment Park/Models/Grass/grass 4.fbx using Guid(97af63e2ae091c54db92acda3678e833) Importer(2089858483,0ecaa5967403d082aa24f35e1b516d23) Generated GUIDs only implemented for interfaces!
 -> (artifact id: '136f3fc20410056204b7f3c6c725b750') in 0.016676 seconds 
========================================================================
Received Import Request.
  Time since last request: 0.000036 seconds.
  path: Assets/Models/Palmov Island/Low Poly Environment Park/Prefabs/Park grounds/ground park 6.prefab
  artifactKey: Guid(b447369acae9efc40b035dbee56c8851) Importer(2089858483,0ecaa5967403d082aa24f35e1b516d23)
Start importing Assets/Models/Palmov Island/Low Poly Environment Park/Prefabs/Park grounds/ground park 6.prefab using Guid(b447369acae9efc40b035dbee56c8851) Importer(2089858483,0ecaa5967403d082aa24f35e1b516d23) Generated GUIDs only implemented for interfaces!
 -> (artifact id: 'caeedf11b1daf2ef35281e05cb3cbef9') in 0.017651 seconds 
========================================================================
Received Import Request.
  Time since last request: 0.000026 seconds.
  path: Assets/Models/Road/Street_Empty.blend
  artifactKey: Guid(4d8318ae2b389c04eaa8a766c4b18710) Importer(2089858483,0ecaa5967403d082aa24f35e1b516d23)
Start importing Assets/Models/Road/Street_Empty.blend using Guid(4d8318ae2b389c04eaa8a766c4b18710) Importer(2089858483,0ecaa5967403d082aa24f35e1b516d23) Generated GUIDs only implemented for interfaces!
 -> (artifact id: '980636e360d590a343051674e36f82c3') in 0.028024 seconds 
========================================================================
Received Import Request.
  Time since last request: 0.000019 seconds.
  path: Assets/Models/Palmov Island/Low Poly Environment Park/Models/Environment/wooden bench.fbx
  artifactKey: Guid(ffe98d202d829e34a8e668c4121ecb12) Importer(2089858483,0ecaa5967403d082aa24f35e1b516d23)
Start importing Assets/Models/Palmov Island/Low Poly Environment Park/Models/Environment/wooden bench.fbx using Guid(ffe98d202d829e34a8e668c4121ecb12) Importer(2089858483,0ecaa5967403d082aa24f35e1b516d23) Generated GUIDs only implemented for interfaces!
 -> (artifact id: 'a13d3fcb3ee20ee4398ec65b5f973fbe') in 0.022317 seconds 
========================================================================
Received Import Request.
  Time since last request: 0.000023 seconds.
  path: Assets/Models/Road/Street_Straight.blend
  artifactKey: Guid(bb1acd47a6f4426488cb67ad52e9fe89) Importer(2089858483,0ecaa5967403d082aa24f35e1b516d23)
Start importing Assets/Models/Road/Street_Straight.blend using Guid(bb1acd47a6f4426488cb67ad52e9fe89) Importer(2089858483,0ecaa5967403d082aa24f35e1b516d23) Generated GUIDs only implemented for interfaces!
 -> (artifact id: '3905b13e050b43680e5ae5e6194cef39') in 0.028660 seconds 
========================================================================
Received Import Request.
  Time since last request: 0.000018 seconds.
  path: Assets/Models/Palmov Island/Low Poly Environment Park/Models/Environment/lamppost.fbx
  artifactKey: Guid(4ae667e39975ecc4fbd91f4115b24a45) Importer(2089858483,0ecaa5967403d082aa24f35e1b516d23)
Start importing Assets/Models/Palmov Island/Low Poly Environment Park/Models/Environment/lamppost.fbx using Guid(4ae667e39975ecc4fbd91f4115b24a45) Importer(2089858483,0ecaa5967403d082aa24f35e1b516d23) Generated GUIDs only implemented for interfaces!
 -> (artifact id: '4dfdbad2d073cff6fca0cd7ab0712af1') in 0.023776 seconds 
========================================================================
Received Import Request.
  Time since last request: 0.000021 seconds.
  path: Assets/Models/Palmov Island/Low Poly Environment Park/Prefabs/Park grounds/ground park 4.prefab
  artifactKey: Guid(66ad3393312e59c42aa3e9ed7d7d73e0) Importer(2089858483,0ecaa5967403d082aa24f35e1b516d23)
Start importing Assets/Models/Palmov Island/Low Poly Environment Park/Prefabs/Park grounds/ground park 4.prefab using Guid(66ad3393312e59c42aa3e9ed7d7d73e0) Importer(2089858483,0ecaa5967403d082aa24f35e1b516d23) Generated GUIDs only implemented for interfaces!
 -> (artifact id: '2585c01cec5e1dd9fa8d9eb9a24cf7d9') in 0.023610 seconds 
========================================================================
Received Import Request.
  Time since last request: 0.000023 seconds.
  path: Assets/Models/Ultimate Textured Building Pack - Dec 2019/License.txt
  artifactKey: Guid(4822a44cfff9c724e875673391b96486) Importer(2089858483,0ecaa5967403d082aa24f35e1b516d23)
Start importing Assets/Models/Ultimate Textured Building Pack - Dec 2019/License.txt using Guid(4822a44cfff9c724e875673391b96486) Importer(2089858483,0ecaa5967403d082aa24f35e1b516d23) Generated GUIDs only implemented for interfaces!
 -> (artifact id: '2b61968003be6700a0a169c17fc53474') in 0.023767 seconds 
