Using pre-set license
Built from '2021.3/staging' branch; Version is '2021.3.25f1 (68ef2c4f8861) revision 6876972'; Using compiler version '192829333'; Build Type 'Release'
OS: 'Windows 11  (10.0.22621) 64bit Professional' Language: 'ru' Physical Memory: 16109 MB
BatchMode: 1, IsHumanControllingUs: 0, StartBugReporterOnCrash: 0, Is64bit: 1, IsPro: 1

COMMAND LINE ARGUMENTS:
C:\Program Files\Unity\Hub\Editor\2021.3.25f1\Editor\Unity.exe
-adb2
-batchMode
-noUpm
-name
AssetImportWorker0
-projectPath
D:/Unity/Personal/DeliveryCity
-logFile
Logs/AssetImportWorker0.log
-srvPort
55182
Successfully changed project path to: D:/Unity/Personal/DeliveryCity
D:/Unity/Personal/DeliveryCity
[UnityMemory] Configuration Parameters - Can be set up in boot.config
    "memorysetup-bucket-allocator-granularity=16"
    "memorysetup-bucket-allocator-bucket-count=8"
    "memorysetup-bucket-allocator-block-size=33554432"
    "memorysetup-bucket-allocator-block-count=8"
    "memorysetup-main-allocator-block-size=16777216"
    "memorysetup-thread-allocator-block-size=16777216"
    "memorysetup-gfx-main-allocator-block-size=16777216"
    "memorysetup-gfx-thread-allocator-block-size=16777216"
    "memorysetup-cache-allocator-block-size=4194304"
    "memorysetup-typetree-allocator-block-size=2097152"
    "memorysetup-profiler-bucket-allocator-granularity=16"
    "memorysetup-profiler-bucket-allocator-bucket-count=8"
    "memorysetup-profiler-bucket-allocator-block-size=33554432"
    "memorysetup-profiler-bucket-allocator-block-count=8"
    "memorysetup-profiler-allocator-block-size=16777216"
    "memorysetup-profiler-editor-allocator-block-size=1048576"
    "memorysetup-temp-allocator-size-main=16777216"
    "memorysetup-job-temp-allocator-block-size=2097152"
    "memorysetup-job-temp-allocator-block-size-background=1048576"
    "memorysetup-job-temp-allocator-reduction-small-platforms=262144"
    "memorysetup-temp-allocator-size-background-worker=32768"
    "memorysetup-temp-allocator-size-job-worker=262144"
    "memorysetup-temp-allocator-size-preload-manager=33554432"
    "memorysetup-temp-allocator-size-nav-mesh-worker=65536"
    "memorysetup-temp-allocator-size-audio-worker=65536"
    "memorysetup-temp-allocator-size-cloud-worker=32768"
    "memorysetup-temp-allocator-size-gi-baking-worker=262144"
    "memorysetup-temp-allocator-size-gfx=262144"
Player connection [20228] Host "[IP] 192.168.0.167 [Port] 0 [Flags] 2 [Guid] 482642333 [EditorId] 482642333 [Version] 1048832 [Id] WindowsEditor(7,DESKTOP-KLONA1D) [Debug] 1 [PackageName] WindowsEditor [ProjectName] Editor" joined multi-casting on [225.0.0.222:54997]...

Player connection [20228] Host "[IP] 192.168.0.167 [Port] 0 [Flags] 2 [Guid] 482642333 [EditorId] 482642333 [Version] 1048832 [Id] WindowsEditor(7,DESKTOP-KLONA1D) [Debug] 1 [PackageName] WindowsEditor [ProjectName] Editor" joined alternative multi-casting on [225.0.0.222:34997]...

Refreshing native plugins compatible for Editor in 52.69 ms, found 3 plugins.
Preloading 0 native plugins for Editor in 0.00 ms.
Initialize engine version: 2021.3.25f1 (68ef2c4f8861)
[Subsystems] Discovering subsystems at path C:/Program Files/Unity/Hub/Editor/2021.3.25f1/Editor/Data/Resources/UnitySubsystems
[Subsystems] Discovering subsystems at path D:/Unity/Personal/DeliveryCity/Assets
GfxDevice: creating device client; threaded=0; jobified=0
Direct3D:
    Version:  Direct3D 11.0 [level 11.1]
    Renderer: NVIDIA GeForce RTX 3060 Laptop GPU (ID=0x2520)
    Vendor:   NVIDIA
    VRAM:     6009 MB
    Driver:   31.0.15.3168
Initialize mono
Mono path[0] = 'C:/Program Files/Unity/Hub/Editor/2021.3.25f1/Editor/Data/Managed'
Mono path[1] = 'C:/Program Files/Unity/Hub/Editor/2021.3.25f1/Editor/Data/MonoBleedingEdge/lib/mono/unityjit-win32'
Mono config path = 'C:/Program Files/Unity/Hub/Editor/2021.3.25f1/Editor/Data/MonoBleedingEdge/etc'
Using monoOptions --debugger-agent=transport=dt_socket,embedding=1,server=y,suspend=n,address=127.0.0.1:56220
Begin MonoManager ReloadAssembly
Registering precompiled unity dll's ...
Register platform support module: C:/Program Files/Unity/Hub/Editor/2021.3.25f1/Editor/Data/PlaybackEngines/WebGLSupport/UnityEditor.WebGL.Extensions.dll
Register platform support module: C:/Program Files/Unity/Hub/Editor/2021.3.25f1/Editor/Data/PlaybackEngines/WindowsStandaloneSupport/UnityEditor.WindowsStandalone.Extensions.dll
Registered in 0.003217 seconds.
Native extension for WindowsStandalone target not found
Native extension for WebGL target not found
Refreshing native plugins compatible for Editor in 50.74 ms, found 3 plugins.
Preloading 0 native plugins for Editor in 0.00 ms.
Mono: successfully reloaded assembly
- Completed reload, in  0.456 seconds
Domain Reload Profiling:
	ReloadAssembly (457ms)
		BeginReloadAssembly (65ms)
			ExecutionOrderSort (0ms)
			DisableScriptedObjects (0ms)
			BackupInstance (0ms)
			ReleaseScriptingObjects (0ms)
			CreateAndSetChildDomain (1ms)
		EndReloadAssembly (326ms)
			LoadAssemblies (64ms)
			RebuildTransferFunctionScriptingTraits (0ms)
			SetupTypeCache (73ms)
			ReleaseScriptCaches (0ms)
			RebuildScriptCaches (21ms)
			SetupLoadedEditorAssemblies (194ms)
				LogAssemblyErrors (0ms)
				InitializePlatformSupportModulesInManaged (6ms)
				SetLoadedEditorAssemblies (0ms)
				RefreshPlugins (51ms)
				BeforeProcessingInitializeOnLoad (1ms)
				ProcessInitializeOnLoadAttributes (102ms)
				ProcessInitializeOnLoadMethodAttributes (34ms)
				AfterProcessingInitializeOnLoad (0ms)
				EditorAssembliesLoaded (0ms)
			ExecutionOrderSort2 (0ms)
			AwakeInstancesAfterBackupRestoration (0ms)
Platform modules already initialized, skipping
Registering precompiled user dll's ...
Registered in 0.003811 seconds.
Begin MonoManager ReloadAssembly
Symbol file LoadedFromMemory doesn't match image D:\Unity\Personal\DeliveryCity\Library\PackageCache\com.unity.visualscripting@1.8.0\Editor\VisualScripting.Core\Dependencies\YamlDotNet\Unity.VisualScripting.YamlDotNet.dll
Symbol file LoadedFromMemory doesn't match image D:\Unity\Personal\DeliveryCity\Library\PackageCache\com.unity.visualscripting@1.8.0\Editor\VisualScripting.Core\Dependencies\DotNetZip\Unity.VisualScripting.IonicZip.dll
Native extension for WindowsStandalone target not found
Native extension for WebGL target not found
Refreshing native plugins compatible for Editor in 0.42 ms, found 3 plugins.
Preloading 0 native plugins for Editor in 0.00 ms.
Mono: successfully reloaded assembly
- Completed reload, in  0.729 seconds
Domain Reload Profiling:
	ReloadAssembly (730ms)
		BeginReloadAssembly (84ms)
			ExecutionOrderSort (0ms)
			DisableScriptedObjects (4ms)
			BackupInstance (0ms)
			ReleaseScriptingObjects (0ms)
			CreateAndSetChildDomain (14ms)
		EndReloadAssembly (572ms)
			LoadAssemblies (65ms)
			RebuildTransferFunctionScriptingTraits (0ms)
			SetupTypeCache (187ms)
			ReleaseScriptCaches (0ms)
			RebuildScriptCaches (39ms)
			SetupLoadedEditorAssemblies (259ms)
				LogAssemblyErrors (0ms)
				InitializePlatformSupportModulesInManaged (5ms)
				SetLoadedEditorAssemblies (0ms)
				RefreshPlugins (0ms)
				BeforeProcessingInitializeOnLoad (54ms)
				ProcessInitializeOnLoadAttributes (180ms)
				ProcessInitializeOnLoadMethodAttributes (15ms)
				AfterProcessingInitializeOnLoad (4ms)
				EditorAssembliesLoaded (0ms)
			ExecutionOrderSort2 (0ms)
			AwakeInstancesAfterBackupRestoration (5ms)
Platform modules already initialized, skipping
========================================================================
Worker process is ready to serve import requests
Launched and connected shader compiler UnityShaderCompiler.exe after 0.05 seconds
Refreshing native plugins compatible for Editor in 0.44 ms, found 3 plugins.
Preloading 0 native plugins for Editor in 0.00 ms.
Unloading 3211 Unused Serialized files (Serialized files now loaded: 0)
Unloading 37 unused Assets / (184.1 KB). Loaded Objects now: 3670.
Memory consumption went from 113.6 MB to 113.4 MB.
Total: 2.442900 ms (FindLiveObjects: 0.188700 ms CreateObjectMapping: 0.083100 ms MarkObjects: 2.073000 ms  DeleteObjects: 0.097100 ms)

AssetImportParameters requested are different than current active one (requested -> active):
  custom:video-decoder-ogg-theora: a1e56fd34408186e4bbccfd4996cb3dc -> 
  custom:container-muxer-webm: aa71ff27fc2769a1b78a27578f13a17b -> 
  custom:container-demuxer-webm: 4f35f7cbe854078d1ac9338744f61a02 -> 
  custom:video-encoder-webm-vp8: eb34c28f22e8b96e1ab97ce403110664 -> 
  custom:video-codec-MediaFoundation-h265: 746d11721c4dcdbdad8f713fa42b33f4 -> 
  custom:audio-encoder-webm-vorbis: bf7c407c2cedff20999df2af8eb42d56 -> 
  custom:framework-win-MediaFoundation: 216162199b28c13a410421893ffa2e32 -> 
  custom:container-demuxer-ogg: 62fdf1f143b41e24485cea50d1cbac27 -> 
  custom:video-decoder-webm-vp8: 9c59270c3fd7afecdb556c50c9e8de78 -> 
  custom:audio-decoder-ogg-vorbis: bf7c407c2cedff20999df2af8eb42d56 -> 
========================================================================
Received Import Request.
  Time since last request: 1808104.966182 seconds.
  path: Assets/Models/Buildings/Materials/Materials
  artifactKey: Guid(31e41b1dd1417f24b971562b7b51620d) Importer(815301076,1909f56bfc062723c751e8b465ee728b)
Start importing Assets/Models/Buildings/Materials/Materials using Guid(31e41b1dd1417f24b971562b7b51620d) Importer(815301076,1909f56bfc062723c751e8b465ee728b)  -> (artifact id: '6b3d96f63b52f75ec9b6740d94bcb5bc') in 0.015798 seconds 
========================================================================
Received Import Request.
  Time since last request: 70.543245 seconds.
  path: Assets/Models/Ultimate Textured Building Pack - Dec 2019/Textured Models/Finished Textured Buildings/Blends/1Story_GableRoof.blend
  artifactKey: Guid(c87045094bac82b49a96906d8c27247a) Importer(815301076,1909f56bfc062723c751e8b465ee728b)
Start importing Assets/Models/Ultimate Textured Building Pack - Dec 2019/Textured Models/Finished Textured Buildings/Blends/1Story_GableRoof.blend using Guid(c87045094bac82b49a96906d8c27247a) Importer(815301076,1909f56bfc062723c751e8b465ee728b)  -> (artifact id: '5736c47f4388713c7f2e6ad44f01c4f1') in 0.143080 seconds 
========================================================================
Received Import Request.
  Time since last request: 4.240358 seconds.
  path: Assets/Models/Ultimate Textured Building Pack - Dec 2019/Textured Models/Finished Textured Buildings/Blends/2Story.blend
  artifactKey: Guid(a60dda278998e6f4882ea6de87424e44) Importer(815301076,1909f56bfc062723c751e8b465ee728b)
Start importing Assets/Models/Ultimate Textured Building Pack - Dec 2019/Textured Models/Finished Textured Buildings/Blends/2Story.blend using Guid(a60dda278998e6f4882ea6de87424e44) Importer(815301076,1909f56bfc062723c751e8b465ee728b)  -> (artifact id: '3bd7760636a79f9b722b65db3a0e002e') in 0.026921 seconds 
========================================================================
Received Import Request.
  Time since last request: 1.904022 seconds.
  path: Assets/Models/Ultimate Textured Building Pack - Dec 2019/Textured Models/Finished Textured Buildings/Blends/2Story_2.blend
  artifactKey: Guid(89e78093e2dabe344ae82d634cb00481) Importer(815301076,1909f56bfc062723c751e8b465ee728b)
Start importing Assets/Models/Ultimate Textured Building Pack - Dec 2019/Textured Models/Finished Textured Buildings/Blends/2Story_2.blend using Guid(89e78093e2dabe344ae82d634cb00481) Importer(815301076,1909f56bfc062723c751e8b465ee728b)  -> (artifact id: '742c9269ca6bbf467d86ca7ce4fcbe07') in 0.028149 seconds 
========================================================================
Received Import Request.
  Time since last request: 2.530617 seconds.
  path: Assets/Models/Ultimate Textured Building Pack - Dec 2019/Textured Models/Finished Textured Buildings/Blends/2Story_Center.blend
  artifactKey: Guid(85d30d64af7895e4d96ad4dc0b36b683) Importer(815301076,1909f56bfc062723c751e8b465ee728b)
Start importing Assets/Models/Ultimate Textured Building Pack - Dec 2019/Textured Models/Finished Textured Buildings/Blends/2Story_Center.blend using Guid(85d30d64af7895e4d96ad4dc0b36b683) Importer(815301076,1909f56bfc062723c751e8b465ee728b)  -> (artifact id: 'e6a85c3a8eadc2c2f1fe281bf3527960') in 0.027635 seconds 
========================================================================
Received Import Request.
  Time since last request: 2.171622 seconds.
  path: Assets/Models/Ultimate Textured Building Pack - Dec 2019/Textured Models/Finished Textured Buildings/Blends/2Story_Columns.blend
  artifactKey: Guid(acdc541a3aa71d84e9cd09341ffd9d7e) Importer(815301076,1909f56bfc062723c751e8b465ee728b)
Start importing Assets/Models/Ultimate Textured Building Pack - Dec 2019/Textured Models/Finished Textured Buildings/Blends/2Story_Columns.blend using Guid(acdc541a3aa71d84e9cd09341ffd9d7e) Importer(815301076,1909f56bfc062723c751e8b465ee728b)  -> (artifact id: 'bccc73c64ac1b0b5ed1b6769f7b65802') in 0.030000 seconds 
========================================================================
Received Import Request.
  Time since last request: 9.528995 seconds.
  path: Assets/Models/Ultimate Textured Building Pack - Dec 2019/Textured Models/Finished Textured Buildings/Blends/2Story_GableRoof.blend
  artifactKey: Guid(3a571018ab0a126499ce49b656180410) Importer(815301076,1909f56bfc062723c751e8b465ee728b)
Start importing Assets/Models/Ultimate Textured Building Pack - Dec 2019/Textured Models/Finished Textured Buildings/Blends/2Story_GableRoof.blend using Guid(3a571018ab0a126499ce49b656180410) Importer(815301076,1909f56bfc062723c751e8b465ee728b)  -> (artifact id: 'c1b7b65f6fd6c39ea4218cf3a34b0b4d') in 0.023656 seconds 
========================================================================
Received Import Request.
  Time since last request: 0.747293 seconds.
  path: Assets/Models/Ultimate Textured Building Pack - Dec 2019/Textured Models/Finished Textured Buildings/Blends/2Story_RoundRoof.blend
  artifactKey: Guid(eed38cbc0f105764ab1ef80bc6cf1b80) Importer(815301076,1909f56bfc062723c751e8b465ee728b)
Start importing Assets/Models/Ultimate Textured Building Pack - Dec 2019/Textured Models/Finished Textured Buildings/Blends/2Story_RoundRoof.blend using Guid(eed38cbc0f105764ab1ef80bc6cf1b80) Importer(815301076,1909f56bfc062723c751e8b465ee728b)  -> (artifact id: 'e10a696c32d4a45d59ddebf6859a6605') in 0.024833 seconds 
========================================================================
Received Import Request.
  Time since last request: 2.916737 seconds.
  path: Assets/Models/Ultimate Textured Building Pack - Dec 2019/Textured Models/Finished Textured Buildings/Blends/2Story_Slim.blend
  artifactKey: Guid(9d04c8550a22c694397169bfa95ace8c) Importer(815301076,1909f56bfc062723c751e8b465ee728b)
Start importing Assets/Models/Ultimate Textured Building Pack - Dec 2019/Textured Models/Finished Textured Buildings/Blends/2Story_Slim.blend using Guid(9d04c8550a22c694397169bfa95ace8c) Importer(815301076,1909f56bfc062723c751e8b465ee728b)  -> (artifact id: '08ee8cd39f861e922d2bde9231aa102d') in 0.025130 seconds 
========================================================================
Received Import Request.
  Time since last request: 0.627553 seconds.
  path: Assets/Models/Ultimate Textured Building Pack - Dec 2019/Textured Models/Finished Textured Buildings/Blends/2Story_Stairs.blend
  artifactKey: Guid(f432689030f567349bdf00173ea04147) Importer(815301076,1909f56bfc062723c751e8b465ee728b)
Start importing Assets/Models/Ultimate Textured Building Pack - Dec 2019/Textured Models/Finished Textured Buildings/Blends/2Story_Stairs.blend using Guid(f432689030f567349bdf00173ea04147) Importer(815301076,1909f56bfc062723c751e8b465ee728b)  -> (artifact id: 'e7d539be1248eb306d51c21e84daca21') in 0.038890 seconds 
========================================================================
Received Import Request.
  Time since last request: 1.302483 seconds.
  path: Assets/Models/Ultimate Textured Building Pack - Dec 2019/Textured Models/Finished Textured Buildings/Blends/2Story_Wide.blend
  artifactKey: Guid(d42e7604548d86441ac1df2c4e0a0e53) Importer(815301076,1909f56bfc062723c751e8b465ee728b)
Start importing Assets/Models/Ultimate Textured Building Pack - Dec 2019/Textured Models/Finished Textured Buildings/Blends/2Story_Wide.blend using Guid(d42e7604548d86441ac1df2c4e0a0e53) Importer(815301076,1909f56bfc062723c751e8b465ee728b)  -> (artifact id: '54ba66ed7ab634f220fa0d3a35b73e5f') in 0.030995 seconds 
========================================================================
Received Import Request.
  Time since last request: 6.993376 seconds.
  path: Assets/Models/Ultimate Textured Building Pack - Dec 2019/Textured Models/Finished Textured Buildings/Blends/4Story.blend
  artifactKey: Guid(57f830517d49cb74f8f3d81c2089d975) Importer(815301076,1909f56bfc062723c751e8b465ee728b)
Start importing Assets/Models/Ultimate Textured Building Pack - Dec 2019/Textured Models/Finished Textured Buildings/Blends/4Story.blend using Guid(57f830517d49cb74f8f3d81c2089d975) Importer(815301076,1909f56bfc062723c751e8b465ee728b)  -> (artifact id: 'a6c1f05d1612bb9a976230445d2236b2') in 0.031269 seconds 
========================================================================
Received Import Request.
  Time since last request: 323.569688 seconds.
  path: Assets/Models/Buildings/Textures
  artifactKey: Guid(0e18349b9de91be48beed21364f52dc2) Importer(815301076,1909f56bfc062723c751e8b465ee728b)
Start importing Assets/Models/Buildings/Textures using Guid(0e18349b9de91be48beed21364f52dc2) Importer(815301076,1909f56bfc062723c751e8b465ee728b)  -> (artifact id: '9bbe3840dbcbeeaee6e86537231199bb') in 0.008180 seconds 
========================================================================
Received Import Request.
  Time since last request: 12.074111 seconds.
  path: Assets/Models/Buildings/Textures/Materials
  artifactKey: Guid(5cf96cf293ac8e74e9cedd78576b7c38) Importer(815301076,1909f56bfc062723c751e8b465ee728b)
Start importing Assets/Models/Buildings/Textures/Materials using Guid(5cf96cf293ac8e74e9cedd78576b7c38) Importer(815301076,1909f56bfc062723c751e8b465ee728b)  -> (artifact id: 'ebd90acece061b092f23242a76c9eee3') in 0.001932 seconds 
========================================================================
Received Import Request.
  Time since last request: 9.858871 seconds.
  path: Assets/Models/Buildings/Textures/Texture_Red.png
  artifactKey: Guid(6674d05eceaa41b4dbef6006695d32de) Importer(815301076,1909f56bfc062723c751e8b465ee728b)
Start importing Assets/Models/Buildings/Textures/Texture_Red.png using Guid(6674d05eceaa41b4dbef6006695d32de) Importer(815301076,1909f56bfc062723c751e8b465ee728b)  -> (artifact id: 'b48f76f775a42cb25c3cb20a7bbbc5e6') in 0.026814 seconds 
========================================================================
Received Import Request.
  Time since last request: 1.774428 seconds.
  path: Assets/Models/Buildings/Textures/Texture_Grey.png
  artifactKey: Guid(57dcea6a6fc78814c963ba13c22b0e1b) Importer(815301076,1909f56bfc062723c751e8b465ee728b)
Start importing Assets/Models/Buildings/Textures/Texture_Grey.png using Guid(57dcea6a6fc78814c963ba13c22b0e1b) Importer(815301076,1909f56bfc062723c751e8b465ee728b)  -> (artifact id: '493c59c6f9289a0fe74d92db4b2a9ac5') in 0.015199 seconds 
========================================================================
Received Import Request.
  Time since last request: 0.430930 seconds.
  path: Assets/Models/Buildings/Textures/Texture_Green.png
  artifactKey: Guid(f39210d4f83ae4047982eee4f6450855) Importer(815301076,1909f56bfc062723c751e8b465ee728b)
Start importing Assets/Models/Buildings/Textures/Texture_Green.png using Guid(f39210d4f83ae4047982eee4f6450855) Importer(815301076,1909f56bfc062723c751e8b465ee728b)  -> (artifact id: '4375649d9131141a43673c080b7d006a') in 0.017592 seconds 
========================================================================
Received Import Request.
  Time since last request: 24.201805 seconds.
  path: Assets/Models/Buildings/Materials
  artifactKey: Guid(94ccdf7b3b0dd2244a7aa4fec018144e) Importer(815301076,1909f56bfc062723c751e8b465ee728b)
Start importing Assets/Models/Buildings/Materials using Guid(94ccdf7b3b0dd2244a7aa4fec018144e) Importer(815301076,1909f56bfc062723c751e8b465ee728b)  -> (artifact id: 'd1aa4c352ee201d169f3478b1fcd69c7') in 0.002747 seconds 
========================================================================
Received Import Request.
  Time since last request: 2784.105667 seconds.
  path: Assets/Models/Ultimate Textured Building Pack - Dec 2019/Textured Models/Base Modular Parts/Blends/Bricks_Single.blend
  artifactKey: Guid(0d954f9b1a6c58148867ca1b892ff959) Importer(815301076,1909f56bfc062723c751e8b465ee728b)
Start importing Assets/Models/Ultimate Textured Building Pack - Dec 2019/Textured Models/Base Modular Parts/Blends/Bricks_Single.blend using Guid(0d954f9b1a6c58148867ca1b892ff959) Importer(815301076,1909f56bfc062723c751e8b465ee728b)  -> (artifact id: 'ce22cc4db904574a77edfe1290778cd7') in 0.054997 seconds 
========================================================================
Received Import Request.
  Time since last request: 5312.937045 seconds.
  path: Assets/Models/Buildings/WallEntrance3.blend
  artifactKey: Guid(5f4c84bc582ca6348b4026f457bfd604) Importer(815301076,1909f56bfc062723c751e8b465ee728b)
Start importing Assets/Models/Buildings/WallEntrance3.blend using Guid(5f4c84bc582ca6348b4026f457bfd604) Importer(815301076,1909f56bfc062723c751e8b465ee728b)  -> (artifact id: 'f27e7ac0d9153aef8a986ff59863fe96') in 0.062423 seconds 
========================================================================
Received Import Request.
  Time since last request: 269.391565 seconds.
  path: Assets/Models/Ultimate Textured Building Pack - Dec 2019/Textured Models/Base Modular Parts/FBX
  artifactKey: Guid(17805167b744233478074155d7784437) Importer(815301076,1909f56bfc062723c751e8b465ee728b)
Start importing Assets/Models/Ultimate Textured Building Pack - Dec 2019/Textured Models/Base Modular Parts/FBX using Guid(17805167b744233478074155d7784437) Importer(815301076,1909f56bfc062723c751e8b465ee728b)  -> (artifact id: '1646f5aea636be646c5272c3211d3aec') in 0.009517 seconds 
========================================================================
Received Import Request.
  Time since last request: 1356.333083 seconds.
  path: Assets/Models/Buildings/WallEntrance3.blend1
  artifactKey: Guid(61102460a8b2be445b03a4b31aecbc49) Importer(815301076,1909f56bfc062723c751e8b465ee728b)
Start importing Assets/Models/Buildings/WallEntrance3.blend1 using Guid(61102460a8b2be445b03a4b31aecbc49) Importer(815301076,1909f56bfc062723c751e8b465ee728b)  -> (artifact id: '3ed98bfa1b0e6e4577d4c1f2eda7ec5d') in 0.004823 seconds 
========================================================================
Received Import Request.
  Time since last request: 1615.921369 seconds.
  path: Assets/Models/Buildings/WallEntrance3.blend
  artifactKey: Guid(5f4c84bc582ca6348b4026f457bfd604) Importer(815301076,1909f56bfc062723c751e8b465ee728b)
Start importing Assets/Models/Buildings/WallEntrance3.blend using Guid(5f4c84bc582ca6348b4026f457bfd604) Importer(815301076,1909f56bfc062723c751e8b465ee728b)  -> (artifact id: '252f43080edf4e3be780ab681da228fa') in 0.048926 seconds 
========================================================================
Received Import Request.
  Time since last request: 3.771128 seconds.
  path: Assets/Models/Buildings/WallEntrance3.blend1
  artifactKey: Guid(61102460a8b2be445b03a4b31aecbc49) Importer(815301076,1909f56bfc062723c751e8b465ee728b)
Start importing Assets/Models/Buildings/WallEntrance3.blend1 using Guid(61102460a8b2be445b03a4b31aecbc49) Importer(815301076,1909f56bfc062723c751e8b465ee728b)  -> (artifact id: '2f77a7e289ad6ac9b0dc2ec899448cae') in 0.003169 seconds 
========================================================================
Received Import Request.
  Time since last request: 2187.264873 seconds.
  path: Assets/Models/Buildings/Textures/Texture_Roof_Central.png
  artifactKey: Guid(18907f8ee060c164fb482e2f0abbf4d2) Importer(815301076,1909f56bfc062723c751e8b465ee728b)
Start importing Assets/Models/Buildings/Textures/Texture_Roof_Central.png using Guid(18907f8ee060c164fb482e2f0abbf4d2) Importer(815301076,1909f56bfc062723c751e8b465ee728b)  -> (artifact id: '9fcb8e9764724cf2ebbc3b107861785d') in 0.022378 seconds 
========================================================================
Received Import Request.
  Time since last request: 82.984570 seconds.
  path: Assets/Prefabs/Road/Central_Tile.prefab
  artifactKey: Guid(49b067268daaa9a45b1b97ec312c76ca) Importer(815301076,1909f56bfc062723c751e8b465ee728b)
Start importing Assets/Prefabs/Road/Central_Tile.prefab using Guid(49b067268daaa9a45b1b97ec312c76ca) Importer(815301076,1909f56bfc062723c751e8b465ee728b)  -> (artifact id: 'c0282d9f4e7ea085b1a4294d61e1f730') in 0.093638 seconds 
========================================================================
Received Prepare
Registering precompiled user dll's ...
Registered in 0.001732 seconds.
Begin MonoManager ReloadAssembly
Symbol file LoadedFromMemory doesn't match image D:\Unity\Personal\DeliveryCity\Library\PackageCache\com.unity.visualscripting@1.8.0\Editor\VisualScripting.Core\Dependencies\YamlDotNet\Unity.VisualScripting.YamlDotNet.dll
Symbol file LoadedFromMemory doesn't match image D:\Unity\Personal\DeliveryCity\Library\PackageCache\com.unity.visualscripting@1.8.0\Editor\VisualScripting.Core\Dependencies\DotNetZip\Unity.VisualScripting.IonicZip.dll
Native extension for WindowsStandalone target not found
Native extension for WebGL target not found
Refreshing native plugins compatible for Editor in 0.52 ms, found 3 plugins.
Preloading 0 native plugins for Editor in 0.00 ms.
Mono: successfully reloaded assembly
- Completed reload, in  1.103 seconds
Domain Reload Profiling:
	ReloadAssembly (1104ms)
		BeginReloadAssembly (257ms)
			ExecutionOrderSort (0ms)
			DisableScriptedObjects (11ms)
			BackupInstance (0ms)
			ReleaseScriptingObjects (0ms)
			CreateAndSetChildDomain (104ms)
		EndReloadAssembly (756ms)
			LoadAssemblies (98ms)
			RebuildTransferFunctionScriptingTraits (0ms)
			SetupTypeCache (267ms)
			ReleaseScriptCaches (1ms)
			RebuildScriptCaches (45ms)
			SetupLoadedEditorAssemblies (324ms)
				LogAssemblyErrors (0ms)
				InitializePlatformSupportModulesInManaged (7ms)
				SetLoadedEditorAssemblies (1ms)
				RefreshPlugins (1ms)
				BeforeProcessingInitializeOnLoad (53ms)
				ProcessInitializeOnLoadAttributes (238ms)
				ProcessInitializeOnLoadMethodAttributes (19ms)
				AfterProcessingInitializeOnLoad (6ms)
				EditorAssembliesLoaded (0ms)
			ExecutionOrderSort2 (0ms)
			AwakeInstancesAfterBackupRestoration (7ms)
Platform modules already initialized, skipping
Refreshing native plugins compatible for Editor in 1.56 ms, found 3 plugins.
Preloading 0 native plugins for Editor in 0.00 ms.
Unloading 3206 Unused Serialized files (Serialized files now loaded: 0)
Unloading 18 unused Assets / (150.4 KB). Loaded Objects now: 3733.
Memory consumption went from 118.3 MB to 118.2 MB.
Total: 4.046800 ms (FindLiveObjects: 0.251600 ms CreateObjectMapping: 0.138000 ms MarkObjects: 3.480400 ms  DeleteObjects: 0.175500 ms)

AssetImportParameters requested are different than current active one (requested -> active):
  custom:video-decoder-ogg-theora: a1e56fd34408186e4bbccfd4996cb3dc -> 
  custom:container-muxer-webm: aa71ff27fc2769a1b78a27578f13a17b -> 
  custom:container-demuxer-webm: 4f35f7cbe854078d1ac9338744f61a02 -> 
  custom:video-encoder-webm-vp8: eb34c28f22e8b96e1ab97ce403110664 -> 
  custom:video-codec-MediaFoundation-h265: 746d11721c4dcdbdad8f713fa42b33f4 -> 
  custom:audio-encoder-webm-vorbis: bf7c407c2cedff20999df2af8eb42d56 -> 
  custom:framework-win-MediaFoundation: 216162199b28c13a410421893ffa2e32 -> 
  custom:container-demuxer-ogg: 62fdf1f143b41e24485cea50d1cbac27 -> 
  custom:video-decoder-webm-vp8: 9c59270c3fd7afecdb556c50c9e8de78 -> 
  custom:audio-decoder-ogg-vorbis: bf7c407c2cedff20999df2af8eb42d56 -> 
========================================================================
Received Import Request.
  Time since last request: 62.427870 seconds.
  path: Assets/Prefabs/Road/Street_4Way.prefab
  artifactKey: Guid(30899b76f0db27b4492ac2e0d4ca6d2b) Importer(815301076,1909f56bfc062723c751e8b465ee728b)
Start importing Assets/Prefabs/Road/Street_4Way.prefab using Guid(30899b76f0db27b4492ac2e0d4ca6d2b) Importer(815301076,1909f56bfc062723c751e8b465ee728b)  -> (artifact id: 'a3f33b0234aa054abd3aa96954f3642d') in 0.076248 seconds 
========================================================================
Received Import Request.
  Time since last request: 27.963119 seconds.
  path: Assets/Prefabs/Road/Central_Tile.prefab
  artifactKey: Guid(49b067268daaa9a45b1b97ec312c76ca) Importer(815301076,1909f56bfc062723c751e8b465ee728b)
Start importing Assets/Prefabs/Road/Central_Tile.prefab using Guid(49b067268daaa9a45b1b97ec312c76ca) Importer(815301076,1909f56bfc062723c751e8b465ee728b)  -> (artifact id: '4d0822564973a0c4a25734da47f627c5') in 0.019177 seconds 
========================================================================
Received Prepare
Registering precompiled user dll's ...
Registered in 0.001725 seconds.
Begin MonoManager ReloadAssembly
Symbol file LoadedFromMemory doesn't match image D:\Unity\Personal\DeliveryCity\Library\PackageCache\com.unity.visualscripting@1.8.0\Editor\VisualScripting.Core\Dependencies\YamlDotNet\Unity.VisualScripting.YamlDotNet.dll
Symbol file LoadedFromMemory doesn't match image D:\Unity\Personal\DeliveryCity\Library\PackageCache\com.unity.visualscripting@1.8.0\Editor\VisualScripting.Core\Dependencies\DotNetZip\Unity.VisualScripting.IonicZip.dll
Native extension for WindowsStandalone target not found
Native extension for WebGL target not found
Refreshing native plugins compatible for Editor in 0.51 ms, found 3 plugins.
Preloading 0 native plugins for Editor in 0.00 ms.
Mono: successfully reloaded assembly
- Completed reload, in  0.746 seconds
Domain Reload Profiling:
	ReloadAssembly (747ms)
		BeginReloadAssembly (102ms)
			ExecutionOrderSort (0ms)
			DisableScriptedObjects (3ms)
			BackupInstance (0ms)
			ReleaseScriptingObjects (0ms)
			CreateAndSetChildDomain (25ms)
		EndReloadAssembly (580ms)
			LoadAssemblies (65ms)
			RebuildTransferFunctionScriptingTraits (0ms)
			SetupTypeCache (184ms)
			ReleaseScriptCaches (1ms)
			RebuildScriptCaches (31ms)
			SetupLoadedEditorAssemblies (259ms)
				LogAssemblyErrors (0ms)
				InitializePlatformSupportModulesInManaged (6ms)
				SetLoadedEditorAssemblies (0ms)
				RefreshPlugins (1ms)
				BeforeProcessingInitializeOnLoad (46ms)
				ProcessInitializeOnLoadAttributes (184ms)
				ProcessInitializeOnLoadMethodAttributes (17ms)
				AfterProcessingInitializeOnLoad (5ms)
				EditorAssembliesLoaded (0ms)
			ExecutionOrderSort2 (0ms)
			AwakeInstancesAfterBackupRestoration (6ms)
Platform modules already initialized, skipping
Refreshing native plugins compatible for Editor in 0.96 ms, found 3 plugins.
Preloading 0 native plugins for Editor in 0.00 ms.
Unloading 3206 Unused Serialized files (Serialized files now loaded: 0)
Unloading 18 unused Assets / (150.5 KB). Loaded Objects now: 3748.
Memory consumption went from 118.3 MB to 118.2 MB.
Total: 3.197600 ms (FindLiveObjects: 0.185200 ms CreateObjectMapping: 0.075900 ms MarkObjects: 2.848400 ms  DeleteObjects: 0.086800 ms)

AssetImportParameters requested are different than current active one (requested -> active):
  custom:video-decoder-ogg-theora: a1e56fd34408186e4bbccfd4996cb3dc -> 
  custom:container-muxer-webm: aa71ff27fc2769a1b78a27578f13a17b -> 
  custom:container-demuxer-webm: 4f35f7cbe854078d1ac9338744f61a02 -> 
  custom:video-encoder-webm-vp8: eb34c28f22e8b96e1ab97ce403110664 -> 
  custom:video-codec-MediaFoundation-h265: 746d11721c4dcdbdad8f713fa42b33f4 -> 
  custom:audio-encoder-webm-vorbis: bf7c407c2cedff20999df2af8eb42d56 -> 
  custom:framework-win-MediaFoundation: 216162199b28c13a410421893ffa2e32 -> 
  custom:container-demuxer-ogg: 62fdf1f143b41e24485cea50d1cbac27 -> 
  custom:video-decoder-webm-vp8: 9c59270c3fd7afecdb556c50c9e8de78 -> 
  custom:audio-decoder-ogg-vorbis: bf7c407c2cedff20999df2af8eb42d56 -> 
========================================================================
Received Import Request.
  Time since last request: 294.965178 seconds.
  path: Assets/Prefabs/Road/Empty
  artifactKey: Guid(8c46a634f13ac824398965a9af5a45b6) Importer(815301076,1909f56bfc062723c751e8b465ee728b)
Start importing Assets/Prefabs/Road/Empty using Guid(8c46a634f13ac824398965a9af5a45b6) Importer(815301076,1909f56bfc062723c751e8b465ee728b)  -> (artifact id: '0af7b192f8f13981f95212fe2e0c6f7e') in 0.016633 seconds 
========================================================================
Received Import Request.
  Time since last request: 28.956988 seconds.
  path: Assets/Prefabs/Road/Buildings
  artifactKey: Guid(d31a36d5ca6b38347a09b13f0f233f80) Importer(815301076,1909f56bfc062723c751e8b465ee728b)
Start importing Assets/Prefabs/Road/Buildings using Guid(d31a36d5ca6b38347a09b13f0f233f80) Importer(815301076,1909f56bfc062723c751e8b465ee728b)  -> (artifact id: 'a8c12342aa7d013db82bdda778e0bac1') in 0.012852 seconds 
========================================================================
Received Prepare
Registering precompiled user dll's ...
Registered in 0.001939 seconds.
Begin MonoManager ReloadAssembly
Symbol file LoadedFromMemory doesn't match image D:\Unity\Personal\DeliveryCity\Library\PackageCache\com.unity.visualscripting@1.8.0\Editor\VisualScripting.Core\Dependencies\YamlDotNet\Unity.VisualScripting.YamlDotNet.dll
Symbol file LoadedFromMemory doesn't match image D:\Unity\Personal\DeliveryCity\Library\PackageCache\com.unity.visualscripting@1.8.0\Editor\VisualScripting.Core\Dependencies\DotNetZip\Unity.VisualScripting.IonicZip.dll
Native extension for WindowsStandalone target not found
Native extension for WebGL target not found
Refreshing native plugins compatible for Editor in 0.56 ms, found 3 plugins.
Preloading 0 native plugins for Editor in 0.00 ms.
Mono: successfully reloaded assembly
- Completed reload, in  0.741 seconds
Domain Reload Profiling:
	ReloadAssembly (741ms)
		BeginReloadAssembly (109ms)
			ExecutionOrderSort (0ms)
			DisableScriptedObjects (5ms)
			BackupInstance (0ms)
			ReleaseScriptingObjects (0ms)
			CreateAndSetChildDomain (27ms)
		EndReloadAssembly (559ms)
			LoadAssemblies (65ms)
			RebuildTransferFunctionScriptingTraits (0ms)
			SetupTypeCache (186ms)
			ReleaseScriptCaches (1ms)
			RebuildScriptCaches (33ms)
			SetupLoadedEditorAssemblies (245ms)
				LogAssemblyErrors (0ms)
				InitializePlatformSupportModulesInManaged (5ms)
				SetLoadedEditorAssemblies (0ms)
				RefreshPlugins (1ms)
				BeforeProcessingInitializeOnLoad (45ms)
				ProcessInitializeOnLoadAttributes (174ms)
				ProcessInitializeOnLoadMethodAttributes (14ms)
				AfterProcessingInitializeOnLoad (5ms)
				EditorAssembliesLoaded (0ms)
			ExecutionOrderSort2 (0ms)
			AwakeInstancesAfterBackupRestoration (5ms)
Platform modules already initialized, skipping
Refreshing native plugins compatible for Editor in 1.33 ms, found 3 plugins.
Preloading 0 native plugins for Editor in 0.00 ms.
Unloading 3206 Unused Serialized files (Serialized files now loaded: 0)
Unloading 18 unused Assets / (150.5 KB). Loaded Objects now: 3763.
Memory consumption went from 118.3 MB to 118.2 MB.
Total: 2.338200 ms (FindLiveObjects: 0.188300 ms CreateObjectMapping: 0.077300 ms MarkObjects: 1.973600 ms  DeleteObjects: 0.097800 ms)

AssetImportParameters requested are different than current active one (requested -> active):
  custom:video-decoder-ogg-theora: a1e56fd34408186e4bbccfd4996cb3dc -> 
  custom:container-muxer-webm: aa71ff27fc2769a1b78a27578f13a17b -> 
  custom:container-demuxer-webm: 4f35f7cbe854078d1ac9338744f61a02 -> 
  custom:video-encoder-webm-vp8: eb34c28f22e8b96e1ab97ce403110664 -> 
  custom:video-codec-MediaFoundation-h265: 746d11721c4dcdbdad8f713fa42b33f4 -> 
  custom:audio-encoder-webm-vorbis: bf7c407c2cedff20999df2af8eb42d56 -> 
  custom:framework-win-MediaFoundation: 216162199b28c13a410421893ffa2e32 -> 
  custom:container-demuxer-ogg: 62fdf1f143b41e24485cea50d1cbac27 -> 
  custom:video-decoder-webm-vp8: 9c59270c3fd7afecdb556c50c9e8de78 -> 
  custom:audio-decoder-ogg-vorbis: bf7c407c2cedff20999df2af8eb42d56 -> 
========================================================================
Received Prepare
Registering precompiled user dll's ...
Registered in 0.001989 seconds.
Begin MonoManager ReloadAssembly
Symbol file LoadedFromMemory doesn't match image D:\Unity\Personal\DeliveryCity\Library\PackageCache\com.unity.visualscripting@1.8.0\Editor\VisualScripting.Core\Dependencies\YamlDotNet\Unity.VisualScripting.YamlDotNet.dll
Symbol file LoadedFromMemory doesn't match image D:\Unity\Personal\DeliveryCity\Library\PackageCache\com.unity.visualscripting@1.8.0\Editor\VisualScripting.Core\Dependencies\DotNetZip\Unity.VisualScripting.IonicZip.dll
Native extension for WindowsStandalone target not found
Native extension for WebGL target not found
Refreshing native plugins compatible for Editor in 0.48 ms, found 3 plugins.
Preloading 0 native plugins for Editor in 0.00 ms.
Mono: successfully reloaded assembly
- Completed reload, in  0.787 seconds
Domain Reload Profiling:
	ReloadAssembly (788ms)
		BeginReloadAssembly (104ms)
			ExecutionOrderSort (0ms)
			DisableScriptedObjects (3ms)
			BackupInstance (0ms)
			ReleaseScriptingObjects (0ms)
			CreateAndSetChildDomain (28ms)
		EndReloadAssembly (618ms)
			LoadAssemblies (63ms)
			RebuildTransferFunctionScriptingTraits (0ms)
			SetupTypeCache (186ms)
			ReleaseScriptCaches (1ms)
			RebuildScriptCaches (33ms)
			SetupLoadedEditorAssemblies (301ms)
				LogAssemblyErrors (0ms)
				InitializePlatformSupportModulesInManaged (6ms)
				SetLoadedEditorAssemblies (0ms)
				RefreshPlugins (1ms)
				BeforeProcessingInitializeOnLoad (53ms)
				ProcessInitializeOnLoadAttributes (216ms)
				ProcessInitializeOnLoadMethodAttributes (20ms)
				AfterProcessingInitializeOnLoad (5ms)
				EditorAssembliesLoaded (0ms)
			ExecutionOrderSort2 (0ms)
			AwakeInstancesAfterBackupRestoration (6ms)
Platform modules already initialized, skipping
Refreshing native plugins compatible for Editor in 1.61 ms, found 3 plugins.
Preloading 0 native plugins for Editor in 0.00 ms.
Unloading 3206 Unused Serialized files (Serialized files now loaded: 0)
Unloading 18 unused Assets / (150.6 KB). Loaded Objects now: 3778.
Memory consumption went from 118.3 MB to 118.2 MB.
Total: 2.917000 ms (FindLiveObjects: 0.209300 ms CreateObjectMapping: 0.077000 ms MarkObjects: 2.492600 ms  DeleteObjects: 0.136500 ms)

AssetImportParameters requested are different than current active one (requested -> active):
  custom:video-decoder-ogg-theora: a1e56fd34408186e4bbccfd4996cb3dc -> 
  custom:container-muxer-webm: aa71ff27fc2769a1b78a27578f13a17b -> 
  custom:container-demuxer-webm: 4f35f7cbe854078d1ac9338744f61a02 -> 
  custom:video-encoder-webm-vp8: eb34c28f22e8b96e1ab97ce403110664 -> 
  custom:video-codec-MediaFoundation-h265: 746d11721c4dcdbdad8f713fa42b33f4 -> 
  custom:audio-encoder-webm-vorbis: bf7c407c2cedff20999df2af8eb42d56 -> 
  custom:framework-win-MediaFoundation: 216162199b28c13a410421893ffa2e32 -> 
  custom:container-demuxer-ogg: 62fdf1f143b41e24485cea50d1cbac27 -> 
  custom:video-decoder-webm-vp8: 9c59270c3fd7afecdb556c50c9e8de78 -> 
  custom:audio-decoder-ogg-vorbis: bf7c407c2cedff20999df2af8eb42d56 -> 
========================================================================
Received Import Request.
  Time since last request: 633.409209 seconds.
  path: Assets/Scripts/MapGenerator.cs
  artifactKey: Guid(2d78e478cef6de448a8229678db3fb4e) Importer(815301076,1909f56bfc062723c751e8b465ee728b)
Start importing Assets/Scripts/MapGenerator.cs using Guid(2d78e478cef6de448a8229678db3fb4e) Importer(815301076,1909f56bfc062723c751e8b465ee728b)  -> (artifact id: 'f1fc05caf8e8cdcd3d29cd669a3556d1') in 0.025192 seconds 
========================================================================
Received Prepare
Registering precompiled user dll's ...
Registered in 0.004945 seconds.
Begin MonoManager ReloadAssembly
Symbol file LoadedFromMemory doesn't match image D:\Unity\Personal\DeliveryCity\Library\PackageCache\com.unity.visualscripting@1.8.0\Editor\VisualScripting.Core\Dependencies\YamlDotNet\Unity.VisualScripting.YamlDotNet.dll
Symbol file LoadedFromMemory doesn't match image D:\Unity\Personal\DeliveryCity\Library\PackageCache\com.unity.visualscripting@1.8.0\Editor\VisualScripting.Core\Dependencies\DotNetZip\Unity.VisualScripting.IonicZip.dll
Native extension for WindowsStandalone target not found
Native extension for WebGL target not found
Refreshing native plugins compatible for Editor in 0.51 ms, found 3 plugins.
Preloading 0 native plugins for Editor in 0.00 ms.
Mono: successfully reloaded assembly
- Completed reload, in  1.006 seconds
Domain Reload Profiling:
	ReloadAssembly (1007ms)
		BeginReloadAssembly (197ms)
			ExecutionOrderSort (0ms)
			DisableScriptedObjects (8ms)
			BackupInstance (0ms)
			ReleaseScriptingObjects (0ms)
			CreateAndSetChildDomain (49ms)
		EndReloadAssembly (704ms)
			LoadAssemblies (131ms)
			RebuildTransferFunctionScriptingTraits (0ms)
			SetupTypeCache (237ms)
			ReleaseScriptCaches (2ms)
			RebuildScriptCaches (44ms)
			SetupLoadedEditorAssemblies (303ms)
				LogAssemblyErrors (0ms)
				InitializePlatformSupportModulesInManaged (6ms)
				SetLoadedEditorAssemblies (1ms)
				RefreshPlugins (1ms)
				BeforeProcessingInitializeOnLoad (52ms)
				ProcessInitializeOnLoadAttributes (218ms)
				ProcessInitializeOnLoadMethodAttributes (20ms)
				AfterProcessingInitializeOnLoad (5ms)
				EditorAssembliesLoaded (0ms)
			ExecutionOrderSort2 (0ms)
			AwakeInstancesAfterBackupRestoration (7ms)
Platform modules already initialized, skipping
Refreshing native plugins compatible for Editor in 1.23 ms, found 3 plugins.
Preloading 0 native plugins for Editor in 0.00 ms.
Unloading 3206 Unused Serialized files (Serialized files now loaded: 0)
Unloading 18 unused Assets / (150.4 KB). Loaded Objects now: 3793.
Memory consumption went from 118.4 MB to 118.2 MB.
Total: 3.150600 ms (FindLiveObjects: 0.247800 ms CreateObjectMapping: 0.093300 ms MarkObjects: 2.703100 ms  DeleteObjects: 0.104800 ms)

AssetImportParameters requested are different than current active one (requested -> active):
  custom:video-decoder-ogg-theora: a1e56fd34408186e4bbccfd4996cb3dc -> 
  custom:container-muxer-webm: aa71ff27fc2769a1b78a27578f13a17b -> 
  custom:container-demuxer-webm: 4f35f7cbe854078d1ac9338744f61a02 -> 
  custom:video-encoder-webm-vp8: eb34c28f22e8b96e1ab97ce403110664 -> 
  custom:video-codec-MediaFoundation-h265: 746d11721c4dcdbdad8f713fa42b33f4 -> 
  custom:audio-encoder-webm-vorbis: bf7c407c2cedff20999df2af8eb42d56 -> 
  custom:framework-win-MediaFoundation: 216162199b28c13a410421893ffa2e32 -> 
  custom:container-demuxer-ogg: 62fdf1f143b41e24485cea50d1cbac27 -> 
  custom:video-decoder-webm-vp8: 9c59270c3fd7afecdb556c50c9e8de78 -> 
  custom:audio-decoder-ogg-vorbis: bf7c407c2cedff20999df2af8eb42d56 -> 
========================================================================
Received Import Request.
  Time since last request: 6.061063 seconds.
  path: Assets/Scripts/MapGenerator.cs
  artifactKey: Guid(2d78e478cef6de448a8229678db3fb4e) Importer(815301076,1909f56bfc062723c751e8b465ee728b)
Start importing Assets/Scripts/MapGenerator.cs using Guid(2d78e478cef6de448a8229678db3fb4e) Importer(815301076,1909f56bfc062723c751e8b465ee728b)  -> (artifact id: 'a2968314bcc8b7fbbbb332751eead461') in 0.008670 seconds 
========================================================================
Received Import Request.
  Time since last request: 469.806711 seconds.
  path: Assets/Prefabs/Road/Buildings/Central_Tile.prefab
  artifactKey: Guid(49b067268daaa9a45b1b97ec312c76ca) Importer(815301076,1909f56bfc062723c751e8b465ee728b)
Start importing Assets/Prefabs/Road/Buildings/Central_Tile.prefab using Guid(49b067268daaa9a45b1b97ec312c76ca) Importer(815301076,1909f56bfc062723c751e8b465ee728b)  -> (artifact id: 'bc089a5b44c8779672eba1e8cfa1bb52') in 0.080262 seconds 
========================================================================
Received Import Request.
  Time since last request: 1102.369119 seconds.
  path: Assets/Models/Buildings/2Story_Base.blend
  artifactKey: Guid(ea00d69bf02643d4cbab9e07022f1c59) Importer(815301076,1909f56bfc062723c751e8b465ee728b)
Start importing Assets/Models/Buildings/2Story_Base.blend using Guid(ea00d69bf02643d4cbab9e07022f1c59) Importer(815301076,1909f56bfc062723c751e8b465ee728b)  -> (artifact id: 'aa36fc83e67b94f42d1d5a1fac44e8b0') in 0.047070 seconds 
========================================================================
Received Import Request.
  Time since last request: 8.854662 seconds.
  path: Assets/Scripts/TileCharacteristic.cs
  artifactKey: Guid(93ab5b17f0c2d0d49b31937fd1b8e622) Importer(815301076,1909f56bfc062723c751e8b465ee728b)
Start importing Assets/Scripts/TileCharacteristic.cs using Guid(93ab5b17f0c2d0d49b31937fd1b8e622) Importer(815301076,1909f56bfc062723c751e8b465ee728b)  -> (artifact id: 'a645f9c04036c5e69e6a554281adaf50') in 0.014942 seconds 
========================================================================
Received Prepare
Registering precompiled user dll's ...
Registered in 0.004148 seconds.
Begin MonoManager ReloadAssembly
Symbol file LoadedFromMemory doesn't match image D:\Unity\Personal\DeliveryCity\Library\PackageCache\com.unity.visualscripting@1.8.0\Editor\VisualScripting.Core\Dependencies\YamlDotNet\Unity.VisualScripting.YamlDotNet.dll
Symbol file LoadedFromMemory doesn't match image D:\Unity\Personal\DeliveryCity\Library\PackageCache\com.unity.visualscripting@1.8.0\Editor\VisualScripting.Core\Dependencies\DotNetZip\Unity.VisualScripting.IonicZip.dll
Native extension for WindowsStandalone target not found
Native extension for WebGL target not found
Refreshing native plugins compatible for Editor in 0.79 ms, found 3 plugins.
Preloading 0 native plugins for Editor in 0.00 ms.
Mono: successfully reloaded assembly
- Completed reload, in  1.366 seconds
Domain Reload Profiling:
	ReloadAssembly (1367ms)
		BeginReloadAssembly (197ms)
			ExecutionOrderSort (0ms)
			DisableScriptedObjects (7ms)
			BackupInstance (0ms)
			ReleaseScriptingObjects (0ms)
			CreateAndSetChildDomain (56ms)
		EndReloadAssembly (1001ms)
			LoadAssemblies (130ms)
			RebuildTransferFunctionScriptingTraits (0ms)
			SetupTypeCache (422ms)
			ReleaseScriptCaches (1ms)
			RebuildScriptCaches (77ms)
			SetupLoadedEditorAssemblies (325ms)
				LogAssemblyErrors (0ms)
				InitializePlatformSupportModulesInManaged (11ms)
				SetLoadedEditorAssemblies (1ms)
				RefreshPlugins (1ms)
				BeforeProcessingInitializeOnLoad (98ms)
				ProcessInitializeOnLoadAttributes (198ms)
				ProcessInitializeOnLoadMethodAttributes (13ms)
				AfterProcessingInitializeOnLoad (3ms)
				EditorAssembliesLoaded (0ms)
			ExecutionOrderSort2 (0ms)
			AwakeInstancesAfterBackupRestoration (4ms)
Platform modules already initialized, skipping
Refreshing native plugins compatible for Editor in 0.91 ms, found 3 plugins.
Preloading 0 native plugins for Editor in 0.00 ms.
Unloading 3206 Unused Serialized files (Serialized files now loaded: 0)
Unloading 18 unused Assets / (150.5 KB). Loaded Objects now: 3808.
Memory consumption went from 118.4 MB to 118.2 MB.
Total: 2.269900 ms (FindLiveObjects: 0.201300 ms CreateObjectMapping: 0.076100 ms MarkObjects: 1.911900 ms  DeleteObjects: 0.079000 ms)

AssetImportParameters requested are different than current active one (requested -> active):
  custom:video-decoder-ogg-theora: a1e56fd34408186e4bbccfd4996cb3dc -> 
  custom:container-muxer-webm: aa71ff27fc2769a1b78a27578f13a17b -> 
  custom:container-demuxer-webm: 4f35f7cbe854078d1ac9338744f61a02 -> 
  custom:video-encoder-webm-vp8: eb34c28f22e8b96e1ab97ce403110664 -> 
  custom:video-codec-MediaFoundation-h265: 746d11721c4dcdbdad8f713fa42b33f4 -> 
  custom:audio-encoder-webm-vorbis: bf7c407c2cedff20999df2af8eb42d56 -> 
  custom:framework-win-MediaFoundation: 216162199b28c13a410421893ffa2e32 -> 
  custom:container-demuxer-ogg: 62fdf1f143b41e24485cea50d1cbac27 -> 
  custom:video-decoder-webm-vp8: 9c59270c3fd7afecdb556c50c9e8de78 -> 
  custom:audio-decoder-ogg-vorbis: bf7c407c2cedff20999df2af8eb42d56 -> 
========================================================================
Received Import Request.
  Time since last request: 680.459303 seconds.
  path: Assets/Prefabs/Road/Buildings/Central_Tile.prefab
  artifactKey: Guid(49b067268daaa9a45b1b97ec312c76ca) Importer(815301076,1909f56bfc062723c751e8b465ee728b)
Start importing Assets/Prefabs/Road/Buildings/Central_Tile.prefab using Guid(49b067268daaa9a45b1b97ec312c76ca) Importer(815301076,1909f56bfc062723c751e8b465ee728b)  -> (artifact id: 'ee7e6f4c38e61251268c3c11ef03552f') in 0.079275 seconds 
========================================================================
Received Import Request.
  Time since last request: 39.524058 seconds.
  path: Assets/Prefabs/Road/Empty/Street_3Way_1.prefab
  artifactKey: Guid(1d10c643e39453a46866719b2ec57f9b) Importer(815301076,1909f56bfc062723c751e8b465ee728b)
Start importing Assets/Prefabs/Road/Empty/Street_3Way_1.prefab using Guid(1d10c643e39453a46866719b2ec57f9b) Importer(815301076,1909f56bfc062723c751e8b465ee728b)  -> (artifact id: 'aa67f51f6f62c1e46a2d778b8d2e750d') in 0.016753 seconds 
========================================================================
Received Import Request.
  Time since last request: 12.514922 seconds.
  path: Assets/Models/Buildings/Flat2.blend
  artifactKey: Guid(bb4873f15bacf1642accd26239d7c7f9) Importer(815301076,1909f56bfc062723c751e8b465ee728b)
Start importing Assets/Models/Buildings/Flat2.blend using Guid(bb4873f15bacf1642accd26239d7c7f9) Importer(815301076,1909f56bfc062723c751e8b465ee728b)  -> (artifact id: 'efcad8a55617c38b76452b23fe1fba6e') in 0.048642 seconds 
========================================================================
Received Import Request.
  Time since last request: 342.266458 seconds.
  path: Assets/Prefabs/Road/Empty/Street_3Way_1.prefab
  artifactKey: Guid(1d10c643e39453a46866719b2ec57f9b) Importer(815301076,1909f56bfc062723c751e8b465ee728b)
Start importing Assets/Prefabs/Road/Empty/Street_3Way_1.prefab using Guid(1d10c643e39453a46866719b2ec57f9b) Importer(815301076,1909f56bfc062723c751e8b465ee728b)  -> (artifact id: 'a8c3417cab0bc55547cefe33cac4f1bb') in 0.018356 seconds 
========================================================================
Received Import Request.
  Time since last request: 1.040336 seconds.
  path: Assets/Prefabs/Road/Empty/Street_3Way_2.prefab
  artifactKey: Guid(808d56306a0d0cf44814dc719a64a88f) Importer(815301076,1909f56bfc062723c751e8b465ee728b)
Start importing Assets/Prefabs/Road/Empty/Street_3Way_2.prefab using Guid(808d56306a0d0cf44814dc719a64a88f) Importer(815301076,1909f56bfc062723c751e8b465ee728b)  -> (artifact id: 'a553a22e8f5ce15b6c5e6944cb8b2d4d') in 0.015284 seconds 
========================================================================
Received Import Request.
  Time since last request: 9.775260 seconds.
  path: Assets/Prefabs/Road/Buildings/Street_3Way_1.prefab
  artifactKey: Guid(e770d39f287f8c74283586022189b648) Importer(815301076,1909f56bfc062723c751e8b465ee728b)
Start importing Assets/Prefabs/Road/Buildings/Street_3Way_1.prefab using Guid(e770d39f287f8c74283586022189b648) Importer(815301076,1909f56bfc062723c751e8b465ee728b)  -> (artifact id: 'bac784335b03d78e70d7c9f2eb3092e4') in 0.019677 seconds 
========================================================================
Received Import Request.
  Time since last request: 16.311939 seconds.
  path: Assets/Prefabs/Road/Empty/Street_3Way_1.prefab
  artifactKey: Guid(1d10c643e39453a46866719b2ec57f9b) Importer(815301076,1909f56bfc062723c751e8b465ee728b)
Start importing Assets/Prefabs/Road/Empty/Street_3Way_1.prefab using Guid(1d10c643e39453a46866719b2ec57f9b) Importer(815301076,1909f56bfc062723c751e8b465ee728b)  -> (artifact id: '0353d007dd58647a9ca5c03c9a12fc29') in 0.007571 seconds 
========================================================================
Received Prepare
Registering precompiled user dll's ...
Registered in 0.001748 seconds.
Begin MonoManager ReloadAssembly
Symbol file LoadedFromMemory doesn't match image D:\Unity\Personal\DeliveryCity\Library\PackageCache\com.unity.visualscripting@1.8.0\Editor\VisualScripting.Core\Dependencies\YamlDotNet\Unity.VisualScripting.YamlDotNet.dll
Symbol file LoadedFromMemory doesn't match image D:\Unity\Personal\DeliveryCity\Library\PackageCache\com.unity.visualscripting@1.8.0\Editor\VisualScripting.Core\Dependencies\DotNetZip\Unity.VisualScripting.IonicZip.dll
Native extension for WindowsStandalone target not found
Native extension for WebGL target not found
Refreshing native plugins compatible for Editor in 0.53 ms, found 3 plugins.
Preloading 0 native plugins for Editor in 0.00 ms.
Mono: successfully reloaded assembly
- Completed reload, in  0.778 seconds
Domain Reload Profiling:
	ReloadAssembly (779ms)
		BeginReloadAssembly (105ms)
			ExecutionOrderSort (0ms)
			DisableScriptedObjects (3ms)
			BackupInstance (0ms)
			ReleaseScriptingObjects (0ms)
			CreateAndSetChildDomain (29ms)
		EndReloadAssembly (609ms)
			LoadAssemblies (63ms)
			RebuildTransferFunctionScriptingTraits (0ms)
			SetupTypeCache (190ms)
			ReleaseScriptCaches (1ms)
			RebuildScriptCaches (33ms)
			SetupLoadedEditorAssemblies (292ms)
				LogAssemblyErrors (0ms)
				InitializePlatformSupportModulesInManaged (4ms)
				SetLoadedEditorAssemblies (1ms)
				RefreshPlugins (1ms)
				BeforeProcessingInitializeOnLoad (44ms)
				ProcessInitializeOnLoadAttributes (218ms)
				ProcessInitializeOnLoadMethodAttributes (20ms)
				AfterProcessingInitializeOnLoad (5ms)
				EditorAssembliesLoaded (0ms)
			ExecutionOrderSort2 (0ms)
			AwakeInstancesAfterBackupRestoration (5ms)
Platform modules already initialized, skipping
Refreshing native plugins compatible for Editor in 1.18 ms, found 3 plugins.
Preloading 0 native plugins for Editor in 0.00 ms.
Unloading 3206 Unused Serialized files (Serialized files now loaded: 0)
Unloading 18 unused Assets / (150.5 KB). Loaded Objects now: 3823.
Memory consumption went from 118.4 MB to 118.3 MB.
Total: 2.865700 ms (FindLiveObjects: 0.215500 ms CreateObjectMapping: 0.087900 ms MarkObjects: 2.340700 ms  DeleteObjects: 0.220000 ms)

AssetImportParameters requested are different than current active one (requested -> active):
  custom:video-decoder-ogg-theora: a1e56fd34408186e4bbccfd4996cb3dc -> 
  custom:container-muxer-webm: aa71ff27fc2769a1b78a27578f13a17b -> 
  custom:container-demuxer-webm: 4f35f7cbe854078d1ac9338744f61a02 -> 
  custom:video-encoder-webm-vp8: eb34c28f22e8b96e1ab97ce403110664 -> 
  custom:video-codec-MediaFoundation-h265: 746d11721c4dcdbdad8f713fa42b33f4 -> 
  custom:audio-encoder-webm-vorbis: bf7c407c2cedff20999df2af8eb42d56 -> 
  custom:framework-win-MediaFoundation: 216162199b28c13a410421893ffa2e32 -> 
  custom:container-demuxer-ogg: 62fdf1f143b41e24485cea50d1cbac27 -> 
  custom:video-decoder-webm-vp8: 9c59270c3fd7afecdb556c50c9e8de78 -> 
  custom:audio-decoder-ogg-vorbis: bf7c407c2cedff20999df2af8eb42d56 -> 
========================================================================
Received Import Request.
  Time since last request: 43.023649 seconds.
  path: Assets/Prefabs/Road/Empty/Street_3Way_4.prefab
  artifactKey: Guid(7c778a668ec7ac94c8716cf9a7b09154) Importer(815301076,1909f56bfc062723c751e8b465ee728b)
Start importing Assets/Prefabs/Road/Empty/Street_3Way_4.prefab using Guid(7c778a668ec7ac94c8716cf9a7b09154) Importer(815301076,1909f56bfc062723c751e8b465ee728b)  -> (artifact id: '236ddb1d2cd457957a3fb22492616c63') in 0.074238 seconds 
========================================================================
Received Prepare
Registering precompiled user dll's ...
Registered in 0.001679 seconds.
Begin MonoManager ReloadAssembly
Symbol file LoadedFromMemory doesn't match image D:\Unity\Personal\DeliveryCity\Library\PackageCache\com.unity.visualscripting@1.8.0\Editor\VisualScripting.Core\Dependencies\YamlDotNet\Unity.VisualScripting.YamlDotNet.dll
Symbol file LoadedFromMemory doesn't match image D:\Unity\Personal\DeliveryCity\Library\PackageCache\com.unity.visualscripting@1.8.0\Editor\VisualScripting.Core\Dependencies\DotNetZip\Unity.VisualScripting.IonicZip.dll
Native extension for WindowsStandalone target not found
Native extension for WebGL target not found
Refreshing native plugins compatible for Editor in 0.44 ms, found 3 plugins.
Preloading 0 native plugins for Editor in 0.00 ms.
Mono: successfully reloaded assembly
- Completed reload, in  0.791 seconds
Domain Reload Profiling:
	ReloadAssembly (792ms)
		BeginReloadAssembly (103ms)
			ExecutionOrderSort (0ms)
			DisableScriptedObjects (3ms)
			BackupInstance (0ms)
			ReleaseScriptingObjects (0ms)
			CreateAndSetChildDomain (26ms)
		EndReloadAssembly (623ms)
			LoadAssemblies (64ms)
			RebuildTransferFunctionScriptingTraits (0ms)
			SetupTypeCache (186ms)
			ReleaseScriptCaches (1ms)
			RebuildScriptCaches (34ms)
			SetupLoadedEditorAssemblies (301ms)
				LogAssemblyErrors (0ms)
				InitializePlatformSupportModulesInManaged (5ms)
				SetLoadedEditorAssemblies (0ms)
				RefreshPlugins (0ms)
				BeforeProcessingInitializeOnLoad (45ms)
				ProcessInitializeOnLoadAttributes (225ms)
				ProcessInitializeOnLoadMethodAttributes (21ms)
				AfterProcessingInitializeOnLoad (4ms)
				EditorAssembliesLoaded (0ms)
			ExecutionOrderSort2 (0ms)
			AwakeInstancesAfterBackupRestoration (6ms)
Platform modules already initialized, skipping
Refreshing native plugins compatible for Editor in 1.33 ms, found 3 plugins.
Preloading 0 native plugins for Editor in 0.00 ms.
Unloading 3206 Unused Serialized files (Serialized files now loaded: 0)
Unloading 18 unused Assets / (150.5 KB). Loaded Objects now: 3838.
Memory consumption went from 118.4 MB to 118.3 MB.
Total: 2.533500 ms (FindLiveObjects: 0.200300 ms CreateObjectMapping: 0.093000 ms MarkObjects: 2.131300 ms  DeleteObjects: 0.107400 ms)

AssetImportParameters requested are different than current active one (requested -> active):
  custom:video-decoder-ogg-theora: a1e56fd34408186e4bbccfd4996cb3dc -> 
  custom:container-muxer-webm: aa71ff27fc2769a1b78a27578f13a17b -> 
  custom:container-demuxer-webm: 4f35f7cbe854078d1ac9338744f61a02 -> 
  custom:video-encoder-webm-vp8: eb34c28f22e8b96e1ab97ce403110664 -> 
  custom:video-codec-MediaFoundation-h265: 746d11721c4dcdbdad8f713fa42b33f4 -> 
  custom:audio-encoder-webm-vorbis: bf7c407c2cedff20999df2af8eb42d56 -> 
  custom:framework-win-MediaFoundation: 216162199b28c13a410421893ffa2e32 -> 
  custom:container-demuxer-ogg: 62fdf1f143b41e24485cea50d1cbac27 -> 
  custom:video-decoder-webm-vp8: 9c59270c3fd7afecdb556c50c9e8de78 -> 
  custom:audio-decoder-ogg-vorbis: bf7c407c2cedff20999df2af8eb42d56 -> 
========================================================================
Received Import Request.
  Time since last request: 149.796866 seconds.
  path: Assets/Prefabs/Road/Empty/Street_Curve_1.prefab
  artifactKey: Guid(ff818b43ff94eea4dafd9d1046baaf5f) Importer(815301076,1909f56bfc062723c751e8b465ee728b)
Start importing Assets/Prefabs/Road/Empty/Street_Curve_1.prefab using Guid(ff818b43ff94eea4dafd9d1046baaf5f) Importer(815301076,1909f56bfc062723c751e8b465ee728b)  -> (artifact id: 'f35d4565d8809fc3bc484f7116db1ef0') in 0.070000 seconds 
========================================================================
Received Import Request.
  Time since last request: 17.460103 seconds.
  path: Assets/Prefabs/Road/Empty/Street_Straight_1.prefab
  artifactKey: Guid(d264cf7af6f822243af2521d74e3bbc0) Importer(815301076,1909f56bfc062723c751e8b465ee728b)
Start importing Assets/Prefabs/Road/Empty/Street_Straight_1.prefab using Guid(d264cf7af6f822243af2521d74e3bbc0) Importer(815301076,1909f56bfc062723c751e8b465ee728b)  -> (artifact id: 'f7aa5f4c0b0c798d8d7cc663793bfa5d') in 0.014347 seconds 
========================================================================
Received Import Request.
  Time since last request: 232.736918 seconds.
  path: Assets/Models/Buildings/Textures/HouseTexture4.png
  artifactKey: Guid(57495f612083f724a87f02a192ca77ac) Importer(815301076,1909f56bfc062723c751e8b465ee728b)
Start importing Assets/Models/Buildings/Textures/HouseTexture4.png using Guid(57495f612083f724a87f02a192ca77ac) Importer(815301076,1909f56bfc062723c751e8b465ee728b)  -> (artifact id: '1b553d6440c42bc6c1d2a5d1131aeb4d') in 0.023435 seconds 
========================================================================
Received Import Request.
  Time since last request: 8.907046 seconds.
  path: Assets/Models/Buildings/Materials
  artifactKey: Guid(089bec29b706f404a8325c3a6ba31bdf) Importer(815301076,1909f56bfc062723c751e8b465ee728b)
Start importing Assets/Models/Buildings/Materials using Guid(089bec29b706f404a8325c3a6ba31bdf) Importer(815301076,1909f56bfc062723c751e8b465ee728b)  -> (artifact id: 'f95c146ed659c327cf1dc5a64be652c9') in 0.010828 seconds 
========================================================================
Received Import Request.
  Time since last request: 69.248590 seconds.
  path: Assets/Prefabs/Road/Empty/Street_Straight_1.prefab
  artifactKey: Guid(d264cf7af6f822243af2521d74e3bbc0) Importer(815301076,1909f56bfc062723c751e8b465ee728b)
Start importing Assets/Prefabs/Road/Empty/Street_Straight_1.prefab using Guid(d264cf7af6f822243af2521d74e3bbc0) Importer(815301076,1909f56bfc062723c751e8b465ee728b)  -> (artifact id: '6e290beeacf218df20fd86399dee995c') in 0.029113 seconds 
========================================================================
Received Import Request.
  Time since last request: 0.917175 seconds.
  path: Assets/Prefabs/Road/Empty/Street_Straight_2.prefab
  artifactKey: Guid(6d19e1553adbeb247b946c84aa9c41c0) Importer(815301076,1909f56bfc062723c751e8b465ee728b)
Start importing Assets/Prefabs/Road/Empty/Street_Straight_2.prefab using Guid(6d19e1553adbeb247b946c84aa9c41c0) Importer(815301076,1909f56bfc062723c751e8b465ee728b)  -> (artifact id: '29de96276279225576d3521ab121cff2') in 0.012858 seconds 
========================================================================
Received Import Request.
  Time since last request: 8.443961 seconds.
  path: Assets/Prefabs/Road/Buildings/Street_Straight_1.prefab
  artifactKey: Guid(0990880374a2f0249b53b2805d33d668) Importer(815301076,1909f56bfc062723c751e8b465ee728b)
Start importing Assets/Prefabs/Road/Buildings/Street_Straight_1.prefab using Guid(0990880374a2f0249b53b2805d33d668) Importer(815301076,1909f56bfc062723c751e8b465ee728b)  -> (artifact id: '54d1d0093bfc5ed16fb8660653d11290') in 0.021956 seconds 
========================================================================
Received Import Request.
  Time since last request: 10.215303 seconds.
  path: Assets/Prefabs/Road/Empty/Street_Straight_1.prefab
  artifactKey: Guid(d264cf7af6f822243af2521d74e3bbc0) Importer(815301076,1909f56bfc062723c751e8b465ee728b)
Start importing Assets/Prefabs/Road/Empty/Street_Straight_1.prefab using Guid(d264cf7af6f822243af2521d74e3bbc0) Importer(815301076,1909f56bfc062723c751e8b465ee728b)  -> (artifact id: '022cae933ab002a10038fd3f744c8dd7') in 0.006962 seconds 
========================================================================
Received Import Request.
  Time since last request: 0.640038 seconds.
  path: Assets/Prefabs/Road/Empty/Street_Curve_4.prefab
  artifactKey: Guid(ec797132149546c438df093183b3a74b) Importer(815301076,1909f56bfc062723c751e8b465ee728b)
Start importing Assets/Prefabs/Road/Empty/Street_Curve_4.prefab using Guid(ec797132149546c438df093183b3a74b) Importer(815301076,1909f56bfc062723c751e8b465ee728b)  -> (artifact id: '1c09b50a4f07323670830c5c6aa52717') in 0.014805 seconds 
========================================================================
Received Prepare
Registering precompiled user dll's ...
Registered in 0.001980 seconds.
Begin MonoManager ReloadAssembly
Symbol file LoadedFromMemory doesn't match image D:\Unity\Personal\DeliveryCity\Library\PackageCache\com.unity.visualscripting@1.8.0\Editor\VisualScripting.Core\Dependencies\YamlDotNet\Unity.VisualScripting.YamlDotNet.dll
Symbol file LoadedFromMemory doesn't match image D:\Unity\Personal\DeliveryCity\Library\PackageCache\com.unity.visualscripting@1.8.0\Editor\VisualScripting.Core\Dependencies\DotNetZip\Unity.VisualScripting.IonicZip.dll
Native extension for WindowsStandalone target not found
Native extension for WebGL target not found
Refreshing native plugins compatible for Editor in 0.40 ms, found 3 plugins.
Preloading 0 native plugins for Editor in 0.00 ms.
Mono: successfully reloaded assembly
- Completed reload, in  0.783 seconds
Domain Reload Profiling:
	ReloadAssembly (783ms)
		BeginReloadAssembly (103ms)
			ExecutionOrderSort (0ms)
			DisableScriptedObjects (3ms)
			BackupInstance (0ms)
			ReleaseScriptingObjects (0ms)
			CreateAndSetChildDomain (26ms)
		EndReloadAssembly (610ms)
			LoadAssemblies (64ms)
			RebuildTransferFunctionScriptingTraits (0ms)
			SetupTypeCache (188ms)
			ReleaseScriptCaches (1ms)
			RebuildScriptCaches (32ms)
			SetupLoadedEditorAssemblies (294ms)
				LogAssemblyErrors (0ms)
				InitializePlatformSupportModulesInManaged (6ms)
				SetLoadedEditorAssemblies (0ms)
				RefreshPlugins (0ms)
				BeforeProcessingInitializeOnLoad (44ms)
				ProcessInitializeOnLoadAttributes (220ms)
				ProcessInitializeOnLoadMethodAttributes (18ms)
				AfterProcessingInitializeOnLoad (6ms)
				EditorAssembliesLoaded (0ms)
			ExecutionOrderSort2 (0ms)
			AwakeInstancesAfterBackupRestoration (7ms)
Platform modules already initialized, skipping
Refreshing native plugins compatible for Editor in 1.55 ms, found 3 plugins.
Preloading 0 native plugins for Editor in 0.00 ms.
Unloading 3206 Unused Serialized files (Serialized files now loaded: 0)
Unloading 18 unused Assets / (150.5 KB). Loaded Objects now: 3853.
Memory consumption went from 118.5 MB to 118.3 MB.
Total: 3.223800 ms (FindLiveObjects: 0.304600 ms CreateObjectMapping: 0.122000 ms MarkObjects: 2.687500 ms  DeleteObjects: 0.107500 ms)

AssetImportParameters requested are different than current active one (requested -> active):
  custom:video-decoder-ogg-theora: a1e56fd34408186e4bbccfd4996cb3dc -> 
  custom:container-muxer-webm: aa71ff27fc2769a1b78a27578f13a17b -> 
  custom:container-demuxer-webm: 4f35f7cbe854078d1ac9338744f61a02 -> 
  custom:video-encoder-webm-vp8: eb34c28f22e8b96e1ab97ce403110664 -> 
  custom:video-codec-MediaFoundation-h265: 746d11721c4dcdbdad8f713fa42b33f4 -> 
  custom:audio-encoder-webm-vorbis: bf7c407c2cedff20999df2af8eb42d56 -> 
  custom:framework-win-MediaFoundation: 216162199b28c13a410421893ffa2e32 -> 
  custom:container-demuxer-ogg: 62fdf1f143b41e24485cea50d1cbac27 -> 
  custom:video-decoder-webm-vp8: 9c59270c3fd7afecdb556c50c9e8de78 -> 
  custom:audio-decoder-ogg-vorbis: bf7c407c2cedff20999df2af8eb42d56 -> 
